{"B:\\Sanatory_CRM\\server\\src\\app.ts": {"path":"B:\\Sanatory_CRM\\server\\src\\app.ts","statementMap":{"0":{"start":{"line":1,"column":0},"end":{"line":1,"column":30}},"1":{"start":{"line":2,"column":0},"end":{"line":2,"column":24}},"2":{"start":{"line":3,"column":0},"end":{"line":3,"column":24}},"3":{"start":{"line":4,"column":0},"end":{"line":4,"column":35}},"4":{"start":{"line":5,"column":0},"end":{"line":5,"column":28}},"5":{"start":{"line":6,"column":0},"end":{"line":6,"column":24}},"6":{"start":{"line":8,"column":0},"end":{"line":8,"column":36}},"7":{"start":{"line":9,"column":0},"end":{"line":9,"column":39}},"8":{"start":{"line":12,"column":0},"end":{"line":12,"column":46}},"9":{"start":{"line":13,"column":0},"end":{"line":13,"column":46}},"10":{"start":{"line":14,"column":0},"end":{"line":14,"column":52}},"11":{"start":{"line":15,"column":0},"end":{"line":15,"column":60}},"12":{"start":{"line":16,"column":0},"end":{"line":16,"column":56}},"13":{"start":{"line":17,"column":0},"end":{"line":17,"column":48}},"14":{"start":{"line":18,"column":0},"end":{"line":18,"column":50}},"15":{"start":{"line":19,"column":0},"end":{"line":19,"column":50}},"16":{"start":{"line":20,"column":0},"end":{"line":20,"column":46}},"17":{"start":{"line":22,"column":0},"end":{"line":22,"column":16}},"18":{"start":{"line":24,"column":12},"end":{"line":24,"column":21}},"19":{"start":{"line":74,"column":9},"end":{"line":74,"column":12}},"20":{"start":{"line":25,"column":15},"end":{"line":25,"column":37}},"21":{"start":{"line":74,"column":14},"end":{"line":74,"column":20}},"22":{"start":{"line":28,"column":11},"end":{"line":33,"column":2}},"23":{"start":{"line":36,"column":0},"end":{"line":36,"column":18}},"24":{"start":{"line":37,"column":0},"end":{"line":37,"column":16}},"25":{"start":{"line":40,"column":0},"end":{"line":43,"column":4}},"26":{"start":{"line":44,"column":0},"end":{"line":44,"column":41}},"27":{"start":{"line":45,"column":0},"end":{"line":45,"column":63}},"28":{"start":{"line":48,"column":0},"end":{"line":48,"column":72}},"29":{"start":{"line":51,"column":0},"end":{"line":51,"column":33}},"30":{"start":{"line":52,"column":0},"end":{"line":52,"column":34}},"31":{"start":{"line":53,"column":0},"end":{"line":53,"column":40}},"32":{"start":{"line":54,"column":0},"end":{"line":54,"column":48}},"33":{"start":{"line":55,"column":0},"end":{"line":55,"column":43}},"34":{"start":{"line":56,"column":0},"end":{"line":56,"column":35}},"35":{"start":{"line":57,"column":0},"end":{"line":57,"column":37}},"36":{"start":{"line":58,"column":0},"end":{"line":58,"column":38}},"37":{"start":{"line":59,"column":0},"end":{"line":59,"column":33}},"38":{"start":{"line":62,"column":0},"end":{"line":64,"column":3}},"39":{"start":{"line":63,"column":2},"end":{"line":63,"column":76}},"40":{"start":{"line":67,"column":0},"end":{"line":72,"column":3}},"41":{"start":{"line":68,"column":2},"end":{"line":68,"column":39}},"42":{"start":{"line":69,"column":2},"end":{"line":71,"column":5}},"43":{"start":{"line":76,"column":13},"end":{"line":76,"column":37}},"44":{"start":{"line":78,"column":20},"end":{"line":87,"column":1}},"45":{"start":{"line":79,"column":2},"end":{"line":79,"column":20}},"46":{"start":{"line":80,"column":2},"end":{"line":86,"column":5}},"47":{"start":{"line":81,"column":4},"end":{"line":81,"column":58}},"48":{"start":{"line":82,"column":4},"end":{"line":82,"column":36}},"49":{"start":{"line":83,"column":4},"end":{"line":83,"column":52}},"50":{"start":{"line":84,"column":4},"end":{"line":84,"column":41}},"51":{"start":{"line":85,"column":4},"end":{"line":85,"column":58}},"52":{"start":{"line":89,"column":0},"end":{"line":91,"column":1}},"53":{"start":{"line":90,"column":2},"end":{"line":90,"column":16}}},"fnMap":{"0":{"name":"(anonymous_1)","decl":{"start":{"line":62,"column":23},"end":{"line":62,"column":24}},"loc":{"start":{"line":62,"column":37},"end":{"line":64,"column":1}}},"1":{"name":"(anonymous_2)","decl":{"start":{"line":67,"column":8},"end":{"line":67,"column":9}},"loc":{"start":{"line":67,"column":96},"end":{"line":72,"column":1}}},"2":{"name":"(anonymous_3)","decl":{"start":{"line":78,"column":20},"end":{"line":78,"column":25}},"loc":{"start":{"line":78,"column":31},"end":{"line":87,"column":1}}},"3":{"name":"(anonymous_4)","decl":{"start":{"line":80,"column":22},"end":{"line":80,"column":25}},"loc":{"start":{"line":80,"column":27},"end":{"line":86,"column":3}}}},"branchMap":{"0":{"loc":{"start":{"line":30,"column":12},"end":{"line":30,"column":61}},"type":"binary-expr","locations":[{"start":{"line":30,"column":12},"end":{"line":30,"column":34}},{"start":{"line":30,"column":38},"end":{"line":30,"column":61}}]},"1":{"loc":{"start":{"line":41,"column":10},"end":{"line":41,"column":59}},"type":"binary-expr","locations":[{"start":{"line":41,"column":10},"end":{"line":41,"column":32}},{"start":{"line":41,"column":36},"end":{"line":41,"column":59}}]},"2":{"loc":{"start":{"line":69,"column":13},"end":{"line":69,"column":30}},"type":"binary-expr","locations":[{"start":{"line":69,"column":13},"end":{"line":69,"column":23}},{"start":{"line":69,"column":27},"end":{"line":69,"column":30}}]},"3":{"loc":{"start":{"line":70,"column":13},"end":{"line":70,"column":43}},"type":"binary-expr","locations":[{"start":{"line":70,"column":13},"end":{"line":70,"column":24}},{"start":{"line":70,"column":28},"end":{"line":70,"column":43}}]},"4":{"loc":{"start":{"line":76,"column":13},"end":{"line":76,"column":37}},"type":"binary-expr","locations":[{"start":{"line":76,"column":13},"end":{"line":76,"column":29}},{"start":{"line":76,"column":33},"end":{"line":76,"column":37}}]},"5":{"loc":{"start":{"line":89,"column":0},"end":{"line":91,"column":1}},"type":"if","locations":[{"start":{"line":89,"column":0},"end":{"line":91,"column":1}},{"start":{},"end":{}}]}},"s":{"0":2,"1":2,"2":2,"3":2,"4":2,"5":2,"6":2,"7":2,"8":2,"9":2,"10":2,"11":2,"12":2,"13":2,"14":2,"15":2,"16":2,"17":2,"18":2,"19":2,"20":2,"21":2,"22":2,"23":2,"24":2,"25":2,"26":2,"27":2,"28":2,"29":2,"30":2,"31":2,"32":2,"33":2,"34":2,"35":2,"36":2,"37":2,"38":2,"39":0,"40":2,"41":0,"42":0,"43":2,"44":2,"45":0,"46":0,"47":0,"48":0,"49":0,"50":0,"51":0,"52":2,"53":0},"f":{"0":0,"1":0,"2":0,"3":0},"b":{"0":[2,0],"1":[2,0],"2":[0,0],"3":[0,0],"4":[2,0],"5":[0,2]}}
,"B:\\Sanatory_CRM\\server\\src\\config\\db.ts": {"path":"B:\\Sanatory_CRM\\server\\src\\config\\db.ts","statementMap":{"0":{"start":{"line":1,"column":0},"end":{"line":1,"column":32}},"1":{"start":{"line":2,"column":0},"end":{"line":2,"column":28}},"2":{"start":{"line":4,"column":0},"end":{"line":4,"column":16}},"3":{"start":{"line":6,"column":18},"end":{"line":15,"column":1}},"4":{"start":{"line":7,"column":2},"end":{"line":14,"column":3}},"5":{"start":{"line":8,"column":16},"end":{"line":8,"column":83}},"6":{"start":{"line":9,"column":4},"end":{"line":9,"column":32}},"7":{"start":{"line":10,"column":4},"end":{"line":10,"column":52}},"8":{"start":{"line":12,"column":4},"end":{"line":12,"column":56}},"9":{"start":{"line":13,"column":4},"end":{"line":13,"column":20}},"10":{"start":{"line":17,"column":0},"end":{"line":17,"column":25}}},"fnMap":{"0":{"name":"(anonymous_1)","decl":{"start":{"line":6,"column":18},"end":{"line":6,"column":23}},"loc":{"start":{"line":6,"column":44},"end":{"line":15,"column":1}}}},"branchMap":{"0":{"loc":{"start":{"line":8,"column":16},"end":{"line":8,"column":83}},"type":"binary-expr","locations":[{"start":{"line":8,"column":16},"end":{"line":8,"column":39}},{"start":{"line":8,"column":43},"end":{"line":8,"column":83}}]}},"s":{"0":2,"1":2,"2":2,"3":2,"4":0,"5":0,"6":0,"7":0,"8":0,"9":0,"10":2},"f":{"0":0},"b":{"0":[0,0]}}
,"B:\\Sanatory_CRM\\server\\src\\controllers\\auth.controller.ts": {"path":"B:\\Sanatory_CRM\\server\\src\\controllers\\auth.controller.ts","statementMap":{"0":{"start":{"line":2,"column":0},"end":{"line":2,"column":31}},"1":{"start":{"line":3,"column":0},"end":{"line":3,"column":34}},"2":{"start":{"line":5,"column":0},"end":{"line":5,"column":47}},"3":{"start":{"line":7,"column":23},"end":{"line":19,"column":1}},"4":{"start":{"line":8,"column":22},"end":{"line":11,"column":null}},"5":{"start":{"line":13,"column":23},"end":{"line":16,"column":null}},"6":{"start":{"line":18,"column":2},"end":{"line":18,"column":39}},"7":{"start":{"line":21,"column":21},"end":{"line":66,"column":1}},"8":{"start":{"line":22,"column":2},"end":{"line":65,"column":3}},"9":{"start":{"line":23,"column":35},"end":{"line":23,"column":43}},"10":{"start":{"line":25,"column":4},"end":{"line":28,"column":5}},"11":{"start":{"line":26,"column":6},"end":{"line":26,"column":71}},"12":{"start":{"line":27,"column":6},"end":{"line":27,"column":13}},"13":{"start":{"line":30,"column":17},"end":{"line":30,"column":73}},"14":{"start":{"line":31,"column":4},"end":{"line":34,"column":5}},"15":{"start":{"line":32,"column":6},"end":{"line":32,"column":76}},"16":{"start":{"line":33,"column":6},"end":{"line":33,"column":13}},"17":{"start":{"line":36,"column":4},"end":{"line":39,"column":5}},"18":{"start":{"line":37,"column":6},"end":{"line":37,"column":97}},"19":{"start":{"line":38,"column":6},"end":{"line":38,"column":13}},"20":{"start":{"line":41,"column":20},"end":{"line":41,"column":56}},"21":{"start":{"line":42,"column":4},"end":{"line":45,"column":5}},"22":{"start":{"line":43,"column":6},"end":{"line":43,"column":76}},"23":{"start":{"line":44,"column":6},"end":{"line":44,"column":13}},"24":{"start":{"line":47,"column":19},"end":{"line":47,"column":54}},"25":{"start":{"line":49,"column":4},"end":{"line":49,"column":93}},"26":{"start":{"line":51,"column":4},"end":{"line":61,"column":7}},"27":{"start":{"line":63,"column":4},"end":{"line":63,"column":42}},"28":{"start":{"line":64,"column":4},"end":{"line":64,"column":56}},"29":{"start":{"line":21,"column":13},"end":{"line":21,"column":21}},"30":{"start":{"line":68,"column":28},"end":{"line":93,"column":1}},"31":{"start":{"line":69,"column":2},"end":{"line":92,"column":3}},"32":{"start":{"line":70,"column":29},"end":{"line":70,"column":37}},"33":{"start":{"line":72,"column":4},"end":{"line":75,"column":5}},"34":{"start":{"line":73,"column":6},"end":{"line":73,"column":67}},"35":{"start":{"line":74,"column":6},"end":{"line":74,"column":13}},"36":{"start":{"line":77,"column":20},"end":{"line":79,"column":null}},"37":{"start":{"line":82,"column":17},"end":{"line":82,"column":52}},"38":{"start":{"line":83,"column":4},"end":{"line":86,"column":5}},"39":{"start":{"line":84,"column":6},"end":{"line":84,"column":59}},"40":{"start":{"line":85,"column":6},"end":{"line":85,"column":13}},"41":{"start":{"line":88,"column":19},"end":{"line":88,"column":54}},"42":{"start":{"line":89,"column":4},"end":{"line":89,"column":21}},"43":{"start":{"line":91,"column":4},"end":{"line":91,"column":86}},"44":{"start":{"line":68,"column":13},"end":{"line":68,"column":28}},"45":{"start":{"line":95,"column":21},"end":{"line":105,"column":1}},"46":{"start":{"line":96,"column":2},"end":{"line":104,"column":3}},"47":{"start":{"line":97,"column":4},"end":{"line":100,"column":5}},"48":{"start":{"line":98,"column":6},"end":{"line":98,"column":76}},"49":{"start":{"line":99,"column":6},"end":{"line":99,"column":13}},"50":{"start":{"line":101,"column":4},"end":{"line":101,"column":33}},"51":{"start":{"line":103,"column":4},"end":{"line":103,"column":56}},"52":{"start":{"line":95,"column":13},"end":{"line":95,"column":21}},"53":{"start":{"line":107,"column":29},"end":{"line":156,"column":1}},"54":{"start":{"line":108,"column":2},"end":{"line":155,"column":3}},"55":{"start":{"line":109,"column":19},"end":{"line":109,"column":32}},"56":{"start":{"line":110,"column":4},"end":{"line":113,"column":5}},"57":{"start":{"line":111,"column":6},"end":{"line":111,"column":76}},"58":{"start":{"line":112,"column":6},"end":{"line":112,"column":13}},"59":{"start":{"line":115,"column":52},"end":{"line":115,"column":60}},"60":{"start":{"line":116,"column":17},"end":{"line":116,"column":44}},"61":{"start":{"line":118,"column":4},"end":{"line":121,"column":5}},"62":{"start":{"line":119,"column":6},"end":{"line":119,"column":68}},"63":{"start":{"line":120,"column":6},"end":{"line":120,"column":13}},"64":{"start":{"line":123,"column":4},"end":{"line":130,"column":5}},"65":{"start":{"line":124,"column":27},"end":{"line":124,"column":83}},"66":{"start":{"line":125,"column":6},"end":{"line":128,"column":7}},"67":{"start":{"line":126,"column":8},"end":{"line":126,"column":71}},"68":{"start":{"line":127,"column":8},"end":{"line":127,"column":15}},"69":{"start":{"line":129,"column":6},"end":{"line":129,"column":45}},"70":{"start":{"line":132,"column":4},"end":{"line":132,"column":43}},"71":{"start":{"line":132,"column":18},"end":{"line":132,"column":43}},"72":{"start":{"line":133,"column":4},"end":{"line":133,"column":48}},"73":{"start":{"line":133,"column":29},"end":{"line":133,"column":48}},"74":{"start":{"line":135,"column":4},"end":{"line":137,"column":5}},"75":{"start":{"line":136,"column":6},"end":{"line":136,"column":31}},"76":{"start":{"line":139,"column":4},"end":{"line":139,"column":22}},"77":{"start":{"line":140,"column":4},"end":{"line":140,"column":104}},"78":{"start":{"line":142,"column":4},"end":{"line":151,"column":7}},"79":{"start":{"line":153,"column":4},"end":{"line":153,"column":51}},"80":{"start":{"line":154,"column":4},"end":{"line":154,"column":56}},"81":{"start":{"line":107,"column":13},"end":{"line":107,"column":29}}},"fnMap":{"0":{"name":"(anonymous_1)","decl":{"start":{"line":7,"column":23},"end":{"line":7,"column":24}},"loc":{"start":{"line":7,"column":42},"end":{"line":19,"column":1}}},"1":{"name":"(anonymous_2)","decl":{"start":{"line":21,"column":21},"end":{"line":21,"column":26}},"loc":{"start":{"line":21,"column":78},"end":{"line":66,"column":1}}},"2":{"name":"(anonymous_3)","decl":{"start":{"line":68,"column":28},"end":{"line":68,"column":33}},"loc":{"start":{"line":68,"column":85},"end":{"line":93,"column":1}}},"3":{"name":"(anonymous_4)","decl":{"start":{"line":95,"column":21},"end":{"line":95,"column":26}},"loc":{"start":{"line":95,"column":78},"end":{"line":105,"column":1}}},"4":{"name":"(anonymous_5)","decl":{"start":{"line":107,"column":29},"end":{"line":107,"column":34}},"loc":{"start":{"line":107,"column":86},"end":{"line":156,"column":1}}}},"branchMap":{"0":{"loc":{"start":{"line":10,"column":4},"end":{"line":10,"column":38}},"type":"binary-expr","locations":[{"start":{"line":10,"column":4},"end":{"line":10,"column":26}},{"start":{"line":10,"column":30},"end":{"line":10,"column":38}}]},"1":{"loc":{"start":{"line":11,"column":18},"end":{"line":11,"column":52}},"type":"binary-expr","locations":[{"start":{"line":11,"column":18},"end":{"line":11,"column":44}},{"start":{"line":11,"column":48},"end":{"line":11,"column":52}}]},"2":{"loc":{"start":{"line":15,"column":4},"end":{"line":15,"column":54}},"type":"binary-expr","locations":[{"start":{"line":15,"column":4},"end":{"line":15,"column":34}},{"start":{"line":15,"column":38},"end":{"line":15,"column":54}}]},"3":{"loc":{"start":{"line":16,"column":18},"end":{"line":16,"column":60}},"type":"binary-expr","locations":[{"start":{"line":16,"column":18},"end":{"line":16,"column":52}},{"start":{"line":16,"column":56},"end":{"line":16,"column":60}}]},"4":{"loc":{"start":{"line":25,"column":4},"end":{"line":28,"column":5}},"type":"if","locations":[{"start":{"line":25,"column":4},"end":{"line":28,"column":5}},{"start":{},"end":{}}]},"5":{"loc":{"start":{"line":25,"column":8},"end":{"line":25,"column":30}},"type":"binary-expr","locations":[{"start":{"line":25,"column":8},"end":{"line":25,"column":17}},{"start":{"line":25,"column":21},"end":{"line":25,"column":30}}]},"6":{"loc":{"start":{"line":31,"column":4},"end":{"line":34,"column":5}},"type":"if","locations":[{"start":{"line":31,"column":4},"end":{"line":34,"column":5}},{"start":{},"end":{}}]},"7":{"loc":{"start":{"line":36,"column":4},"end":{"line":39,"column":5}},"type":"if","locations":[{"start":{"line":36,"column":4},"end":{"line":39,"column":5}},{"start":{},"end":{}}]},"8":{"loc":{"start":{"line":42,"column":4},"end":{"line":45,"column":5}},"type":"if","locations":[{"start":{"line":42,"column":4},"end":{"line":45,"column":5}},{"start":{},"end":{}}]},"9":{"loc":{"start":{"line":72,"column":4},"end":{"line":75,"column":5}},"type":"if","locations":[{"start":{"line":72,"column":4},"end":{"line":75,"column":5}},{"start":{},"end":{}}]},"10":{"loc":{"start":{"line":79,"column":6},"end":{"line":79,"column":56}},"type":"binary-expr","locations":[{"start":{"line":79,"column":6},"end":{"line":79,"column":36}},{"start":{"line":79,"column":40},"end":{"line":79,"column":56}}]},"11":{"loc":{"start":{"line":83,"column":4},"end":{"line":86,"column":5}},"type":"if","locations":[{"start":{"line":83,"column":4},"end":{"line":86,"column":5}},{"start":{},"end":{}}]},"12":{"loc":{"start":{"line":83,"column":8},"end":{"line":83,"column":31}},"type":"binary-expr","locations":[{"start":{"line":83,"column":8},"end":{"line":83,"column":13}},{"start":{"line":83,"column":17},"end":{"line":83,"column":31}}]},"13":{"loc":{"start":{"line":97,"column":4},"end":{"line":100,"column":5}},"type":"if","locations":[{"start":{"line":97,"column":4},"end":{"line":100,"column":5}},{"start":{},"end":{}}]},"14":{"loc":{"start":{"line":110,"column":4},"end":{"line":113,"column":5}},"type":"if","locations":[{"start":{"line":110,"column":4},"end":{"line":113,"column":5}},{"start":{},"end":{}}]},"15":{"loc":{"start":{"line":118,"column":4},"end":{"line":121,"column":5}},"type":"if","locations":[{"start":{"line":118,"column":4},"end":{"line":121,"column":5}},{"start":{},"end":{}}]},"16":{"loc":{"start":{"line":123,"column":4},"end":{"line":130,"column":5}},"type":"if","locations":[{"start":{"line":123,"column":4},"end":{"line":130,"column":5}},{"start":{},"end":{}}]},"17":{"loc":{"start":{"line":123,"column":8},"end":{"line":123,"column":46}},"type":"binary-expr","locations":[{"start":{"line":123,"column":8},"end":{"line":123,"column":16}},{"start":{"line":123,"column":20},"end":{"line":123,"column":46}}]},"18":{"loc":{"start":{"line":125,"column":6},"end":{"line":128,"column":7}},"type":"if","locations":[{"start":{"line":125,"column":6},"end":{"line":128,"column":7}},{"start":{},"end":{}}]},"19":{"loc":{"start":{"line":132,"column":4},"end":{"line":132,"column":43}},"type":"if","locations":[{"start":{"line":132,"column":4},"end":{"line":132,"column":43}},{"start":{},"end":{}}]},"20":{"loc":{"start":{"line":133,"column":4},"end":{"line":133,"column":48}},"type":"if","locations":[{"start":{"line":133,"column":4},"end":{"line":133,"column":48}},{"start":{},"end":{}}]},"21":{"loc":{"start":{"line":135,"column":4},"end":{"line":137,"column":5}},"type":"if","locations":[{"start":{"line":135,"column":4},"end":{"line":137,"column":5}},{"start":{},"end":{}}]}},"s":{"0":2,"1":2,"2":2,"3":2,"4":0,"5":0,"6":0,"7":2,"8":0,"9":0,"10":0,"11":0,"12":0,"13":0,"14":0,"15":0,"16":0,"17":0,"18":0,"19":0,"20":0,"21":0,"22":0,"23":0,"24":0,"25":0,"26":0,"27":0,"28":0,"29":2,"30":2,"31":0,"32":0,"33":0,"34":0,"35":0,"36":0,"37":0,"38":0,"39":0,"40":0,"41":0,"42":0,"43":0,"44":2,"45":2,"46":0,"47":0,"48":0,"49":0,"50":0,"51":0,"52":2,"53":2,"54":0,"55":0,"56":0,"57":0,"58":0,"59":0,"60":0,"61":0,"62":0,"63":0,"64":0,"65":0,"66":0,"67":0,"68":0,"69":0,"70":0,"71":0,"72":0,"73":0,"74":0,"75":0,"76":0,"77":0,"78":0,"79":0,"80":0,"81":2},"f":{"0":0,"1":0,"2":0,"3":0,"4":0},"b":{"0":[0,0],"1":[0,0],"2":[0,0],"3":[0,0],"4":[0,0],"5":[0,0],"6":[0,0],"7":[0,0],"8":[0,0],"9":[0,0],"10":[0,0],"11":[0,0],"12":[0,0],"13":[0,0],"14":[0,0],"15":[0,0],"16":[0,0],"17":[0,0],"18":[0,0],"19":[0,0],"20":[0,0],"21":[0,0]}}
,"B:\\Sanatory_CRM\\server\\src\\controllers\\booking.controller.ts": {"path":"B:\\Sanatory_CRM\\server\\src\\controllers\\booking.controller.ts","statementMap":{"0":{"start":{"line":2,"column":0},"end":{"line":2,"column":40}},"1":{"start":{"line":3,"column":0},"end":{"line":3,"column":34}},"2":{"start":{"line":4,"column":0},"end":{"line":4,"column":48}},"3":{"start":{"line":6,"column":0},"end":{"line":6,"column":47}},"4":{"start":{"line":7,"column":0},"end":{"line":7,"column":65}},"5":{"start":{"line":9,"column":23},"end":{"line":143,"column":1}},"6":{"start":{"line":10,"column":2},"end":{"line":142,"column":3}},"7":{"start":{"line":11,"column":131},"end":{"line":11,"column":139}},"8":{"start":{"line":14,"column":17},"end":{"line":14,"column":44}},"9":{"start":{"line":15,"column":4},"end":{"line":18,"column":5}},"10":{"start":{"line":16,"column":6},"end":{"line":16,"column":59}},"11":{"start":{"line":17,"column":6},"end":{"line":17,"column":13}},"12":{"start":{"line":19,"column":4},"end":{"line":22,"column":5}},"13":{"start":{"line":20,"column":6},"end":{"line":20,"column":120}},"14":{"start":{"line":21,"column":6},"end":{"line":21,"column":13}},"15":{"start":{"line":25,"column":4},"end":{"line":30,"column":5}},"16":{"start":{"line":26,"column":6},"end":{"line":29,"column":7}},"17":{"start":{"line":27,"column":8},"end":{"line":27,"column":83}},"18":{"start":{"line":28,"column":8},"end":{"line":28,"column":15}},"19":{"start":{"line":32,"column":26},"end":{"line":32,"column":47}},"20":{"start":{"line":33,"column":27},"end":{"line":33,"column":49}},"21":{"start":{"line":36,"column":21},"end":{"line":36,"column":81}},"22":{"start":{"line":37,"column":27},"end":{"line":37,"column":71}},"23":{"start":{"line":38,"column":4},"end":{"line":38,"column":51}},"24":{"start":{"line":38,"column":30},"end":{"line":38,"column":51}},"25":{"start":{"line":40,"column":24},"end":{"line":40,"column":114}},"26":{"start":{"line":41,"column":27},"end":{"line":41,"column":86}},"27":{"start":{"line":42,"column":22},"end":{"line":42,"column":82}},"28":{"start":{"line":44,"column":21},"end":{"line":44,"column":66}},"29":{"start":{"line":46,"column":4},"end":{"line":48,"column":5}},"30":{"start":{"line":47,"column":6},"end":{"line":47,"column":43}},"31":{"start":{"line":49,"column":23},"end":{"line":49,"column":38}},"32":{"start":{"line":51,"column":62},"end":{"line":51,"column":70}},"33":{"start":{"line":52,"column":4},"end":{"line":53,"column":62}},"34":{"start":{"line":52,"column":34},"end":{"line":52,"column":57}},"35":{"start":{"line":53,"column":9},"end":{"line":53,"column":62}},"36":{"start":{"line":53,"column":29},"end":{"line":53,"column":62}},"37":{"start":{"line":56,"column":20},"end":{"line":73,"column":6}},"38":{"start":{"line":76,"column":34},"end":{"line":76,"column":42}},"39":{"start":{"line":77,"column":4},"end":{"line":91,"column":5}},"40":{"start":{"line":78,"column":6},"end":{"line":90,"column":7}},"41":{"start":{"line":79,"column":8},"end":{"line":89,"column":9}},"42":{"start":{"line":80,"column":10},"end":{"line":88,"column":13}},"43":{"start":{"line":94,"column":4},"end":{"line":94,"column":27}},"44":{"start":{"line":95,"column":4},"end":{"line":95,"column":38}},"45":{"start":{"line":96,"column":4},"end":{"line":96,"column":22}},"46":{"start":{"line":99,"column":4},"end":{"line":110,"column":5}},"47":{"start":{"line":100,"column":6},"end":{"line":109,"column":9}},"48":{"start":{"line":112,"column":4},"end":{"line":118,"column":6}},"49":{"start":{"line":121,"column":15},"end":{"line":121,"column":32}},"50":{"start":{"line":122,"column":4},"end":{"line":129,"column":5}},"51":{"start":{"line":123,"column":6},"end":{"line":126,"column":9}},"52":{"start":{"line":127,"column":6},"end":{"line":127,"column":105}},"53":{"start":{"line":128,"column":6},"end":{"line":128,"column":55}},"54":{"start":{"line":131,"column":29},"end":{"line":133,"column":45}},"55":{"start":{"line":135,"column":4},"end":{"line":138,"column":7}},"56":{"start":{"line":140,"column":4},"end":{"line":140,"column":45}},"57":{"start":{"line":141,"column":4},"end":{"line":141,"column":56}},"58":{"start":{"line":9,"column":13},"end":{"line":9,"column":23}},"59":{"start":{"line":145,"column":24},"end":{"line":238,"column":1}},"60":{"start":{"line":146,"column":2},"end":{"line":237,"column":3}},"61":{"start":{"line":147,"column":34},"end":{"line":147,"column":42}},"62":{"start":{"line":149,"column":20},"end":{"line":149,"column":74}},"63":{"start":{"line":150,"column":4},"end":{"line":153,"column":5}},"64":{"start":{"line":151,"column":6},"end":{"line":151,"column":62}},"65":{"start":{"line":152,"column":6},"end":{"line":152,"column":13}},"66":{"start":{"line":154,"column":4},"end":{"line":157,"column":5}},"67":{"start":{"line":155,"column":6},"end":{"line":155,"column":78}},"68":{"start":{"line":156,"column":6},"end":{"line":156,"column":13}},"69":{"start":{"line":159,"column":17},"end":{"line":159,"column":50}},"70":{"start":{"line":160,"column":4},"end":{"line":163,"column":5}},"71":{"start":{"line":161,"column":6},"end":{"line":161,"column":59}},"72":{"start":{"line":162,"column":6},"end":{"line":162,"column":13}},"73":{"start":{"line":165,"column":27},"end":{"line":165,"column":37}},"74":{"start":{"line":166,"column":4},"end":{"line":166,"column":44}},"75":{"start":{"line":169,"column":21},"end":{"line":169,"column":96}},"76":{"start":{"line":170,"column":4},"end":{"line":170,"column":53}},"77":{"start":{"line":173,"column":4},"end":{"line":175,"column":5}},"78":{"start":{"line":174,"column":6},"end":{"line":174,"column":52}},"79":{"start":{"line":178,"column":28},"end":{"line":178,"column":93}},"80":{"start":{"line":178,"column":74},"end":{"line":178,"column":89}},"81":{"start":{"line":180,"column":27},"end":{"line":180,"column":71}},"82":{"start":{"line":181,"column":24},"end":{"line":181,"column":130}},"83":{"start":{"line":182,"column":27},"end":{"line":182,"column":94}},"84":{"start":{"line":183,"column":4},"end":{"line":183,"column":128}},"85":{"start":{"line":186,"column":4},"end":{"line":190,"column":5}},"86":{"start":{"line":187,"column":6},"end":{"line":187,"column":37}},"87":{"start":{"line":188,"column":11},"end":{"line":190,"column":5}},"88":{"start":{"line":189,"column":6},"end":{"line":189,"column":47}},"89":{"start":{"line":192,"column":4},"end":{"line":192,"column":35}},"90":{"start":{"line":193,"column":4},"end":{"line":193,"column":25}},"91":{"start":{"line":196,"column":4},"end":{"line":196,"column":29}},"92":{"start":{"line":197,"column":4},"end":{"line":197,"column":36}},"93":{"start":{"line":198,"column":4},"end":{"line":198,"column":22}},"94":{"start":{"line":201,"column":25},"end":{"line":201,"column":66}},"95":{"start":{"line":202,"column":4},"end":{"line":212,"column":5}},"96":{"start":{"line":203,"column":6},"end":{"line":211,"column":9}},"97":{"start":{"line":214,"column":4},"end":{"line":220,"column":6}},"98":{"start":{"line":222,"column":15},"end":{"line":222,"column":32}},"99":{"start":{"line":223,"column":4},"end":{"line":227,"column":5}},"100":{"start":{"line":224,"column":6},"end":{"line":224,"column":91}},"101":{"start":{"line":225,"column":6},"end":{"line":225,"column":107}},"102":{"start":{"line":226,"column":6},"end":{"line":226,"column":56}},"103":{"start":{"line":229,"column":4},"end":{"line":233,"column":7}},"104":{"start":{"line":235,"column":4},"end":{"line":235,"column":46}},"105":{"start":{"line":236,"column":4},"end":{"line":236,"column":56}},"106":{"start":{"line":145,"column":13},"end":{"line":145,"column":24}},"107":{"start":{"line":240,"column":30},"end":{"line":260,"column":1}},"108":{"start":{"line":241,"column":2},"end":{"line":259,"column":3}},"109":{"start":{"line":242,"column":45},"end":{"line":242,"column":54}},"110":{"start":{"line":243,"column":24},"end":{"line":243,"column":26}},"111":{"start":{"line":244,"column":4},"end":{"line":244,"column":39}},"112":{"start":{"line":244,"column":16},"end":{"line":244,"column":39}},"113":{"start":{"line":246,"column":17},"end":{"line":246,"column":51}},"114":{"start":{"line":247,"column":21},"end":{"line":252,"column":27}},"115":{"start":{"line":254,"column":18},"end":{"line":254,"column":54}},"116":{"start":{"line":256,"column":4},"end":{"line":256,"column":100}},"117":{"start":{"line":258,"column":4},"end":{"line":258,"column":56}},"118":{"start":{"line":240,"column":13},"end":{"line":240,"column":30}},"119":{"start":{"line":262,"column":33},"end":{"line":273,"column":1}},"120":{"start":{"line":263,"column":2},"end":{"line":272,"column":3}},"121":{"start":{"line":264,"column":21},"end":{"line":267,"column":32}},"122":{"start":{"line":269,"column":4},"end":{"line":269,"column":51}},"123":{"start":{"line":271,"column":4},"end":{"line":271,"column":56}},"124":{"start":{"line":262,"column":13},"end":{"line":262,"column":33}},"125":{"start":{"line":275,"column":30},"end":{"line":290,"column":1}},"126":{"start":{"line":276,"column":2},"end":{"line":289,"column":3}},"127":{"start":{"line":277,"column":20},"end":{"line":279,"column":45}},"128":{"start":{"line":281,"column":4},"end":{"line":284,"column":5}},"129":{"start":{"line":282,"column":6},"end":{"line":282,"column":62}},"130":{"start":{"line":283,"column":6},"end":{"line":283,"column":13}},"131":{"start":{"line":286,"column":4},"end":{"line":286,"column":26}},"132":{"start":{"line":288,"column":4},"end":{"line":288,"column":56}},"133":{"start":{"line":275,"column":13},"end":{"line":275,"column":30}},"134":{"start":{"line":292,"column":26},"end":{"line":327,"column":1}},"135":{"start":{"line":293,"column":2},"end":{"line":326,"column":3}},"136":{"start":{"line":294,"column":38},"end":{"line":294,"column":46}},"137":{"start":{"line":295,"column":20},"end":{"line":295,"column":74}},"138":{"start":{"line":296,"column":4},"end":{"line":299,"column":5}},"139":{"start":{"line":297,"column":6},"end":{"line":297,"column":62}},"140":{"start":{"line":298,"column":6},"end":{"line":298,"column":13}},"141":{"start":{"line":301,"column":4},"end":{"line":301,"column":33}},"142":{"start":{"line":302,"column":4},"end":{"line":306,"column":5}},"143":{"start":{"line":303,"column":6},"end":{"line":303,"column":37}},"144":{"start":{"line":305,"column":6},"end":{"line":305,"column":47}},"145":{"start":{"line":307,"column":4},"end":{"line":307,"column":25}},"146":{"start":{"line":309,"column":4},"end":{"line":318,"column":7}},"147":{"start":{"line":320,"column":15},"end":{"line":320,"column":32}},"148":{"start":{"line":321,"column":4},"end":{"line":321,"column":61}},"149":{"start":{"line":321,"column":12},"end":{"line":321,"column":61}},"150":{"start":{"line":323,"column":4},"end":{"line":323,"column":61}},"151":{"start":{"line":325,"column":4},"end":{"line":325,"column":56}},"152":{"start":{"line":292,"column":13},"end":{"line":292,"column":26}},"153":{"start":{"line":329,"column":29},"end":{"line":409,"column":1}},"154":{"start":{"line":330,"column":2},"end":{"line":408,"column":3}},"155":{"start":{"line":331,"column":19},"end":{"line":331,"column":29}},"156":{"start":{"line":332,"column":91},"end":{"line":332,"column":99}},"157":{"start":{"line":334,"column":20},"end":{"line":334,"column":63}},"158":{"start":{"line":335,"column":4},"end":{"line":338,"column":5}},"159":{"start":{"line":336,"column":7},"end":{"line":336,"column":63}},"160":{"start":{"line":337,"column":7},"end":{"line":337,"column":14}},"161":{"start":{"line":340,"column":17},"end":{"line":340,"column":36}},"162":{"start":{"line":342,"column":4},"end":{"line":342,"column":65}},"163":{"start":{"line":342,"column":21},"end":{"line":342,"column":65}},"164":{"start":{"line":343,"column":4},"end":{"line":343,"column":68}},"165":{"start":{"line":343,"column":22},"end":{"line":343,"column":68}},"166":{"start":{"line":344,"column":4},"end":{"line":344,"column":40}},"167":{"start":{"line":344,"column":16},"end":{"line":344,"column":40}},"168":{"start":{"line":347,"column":4},"end":{"line":355,"column":5}},"169":{"start":{"line":348,"column":6},"end":{"line":348,"column":101}},"170":{"start":{"line":348,"column":47},"end":{"line":348,"column":101}},"171":{"start":{"line":349,"column":6},"end":{"line":349,"column":92}},"172":{"start":{"line":349,"column":44},"end":{"line":349,"column":92}},"173":{"start":{"line":350,"column":6},"end":{"line":350,"column":116}},"174":{"start":{"line":350,"column":52},"end":{"line":350,"column":116}},"175":{"start":{"line":351,"column":6},"end":{"line":351,"column":104}},"176":{"start":{"line":351,"column":48},"end":{"line":351,"column":104}},"177":{"start":{"line":352,"column":6},"end":{"line":352,"column":104}},"178":{"start":{"line":352,"column":48},"end":{"line":352,"column":104}},"179":{"start":{"line":353,"column":6},"end":{"line":353,"column":98}},"180":{"start":{"line":353,"column":46},"end":{"line":353,"column":98}},"181":{"start":{"line":354,"column":6},"end":{"line":354,"column":119}},"182":{"start":{"line":354,"column":53},"end":{"line":354,"column":119}},"183":{"start":{"line":357,"column":4},"end":{"line":372,"column":5}},"184":{"start":{"line":358,"column":17},"end":{"line":358,"column":46}},"185":{"start":{"line":359,"column":17},"end":{"line":359,"column":47}},"186":{"start":{"line":360,"column":23},"end":{"line":360,"column":60}},"187":{"start":{"line":361,"column":19},"end":{"line":361,"column":62}},"188":{"start":{"line":362,"column":6},"end":{"line":362,"column":33}},"189":{"start":{"line":362,"column":22},"end":{"line":362,"column":33}},"190":{"start":{"line":363,"column":6},"end":{"line":363,"column":38}},"191":{"start":{"line":366,"column":29},"end":{"line":366,"column":73}},"192":{"start":{"line":367,"column":26},"end":{"line":367,"column":132}},"193":{"start":{"line":368,"column":29},"end":{"line":368,"column":96}},"194":{"start":{"line":369,"column":24},"end":{"line":369,"column":64}},"195":{"start":{"line":370,"column":30},"end":{"line":370,"column":95}},"196":{"start":{"line":370,"column":76},"end":{"line":370,"column":91}},"197":{"start":{"line":371,"column":6},"end":{"line":371,"column":80}},"198":{"start":{"line":374,"column":4},"end":{"line":390,"column":5}},"199":{"start":{"line":375,"column":25},"end":{"line":375,"column":56}},"200":{"start":{"line":376,"column":6},"end":{"line":376,"column":38}},"201":{"start":{"line":378,"column":6},"end":{"line":389,"column":7}},"202":{"start":{"line":379,"column":8},"end":{"line":388,"column":11}},"203":{"start":{"line":392,"column":4},"end":{"line":398,"column":5}},"204":{"start":{"line":393,"column":6},"end":{"line":393,"column":37}},"205":{"start":{"line":394,"column":11},"end":{"line":398,"column":5}},"206":{"start":{"line":395,"column":6},"end":{"line":395,"column":47}},"207":{"start":{"line":397,"column":6},"end":{"line":397,"column":39}},"208":{"start":{"line":400,"column":4},"end":{"line":400,"column":25}},"209":{"start":{"line":402,"column":15},"end":{"line":402,"column":32}},"210":{"start":{"line":403,"column":4},"end":{"line":403,"column":67}},"211":{"start":{"line":403,"column":12},"end":{"line":403,"column":67}},"212":{"start":{"line":405,"column":4},"end":{"line":405,"column":78}},"213":{"start":{"line":407,"column":4},"end":{"line":407,"column":56}},"214":{"start":{"line":329,"column":13},"end":{"line":329,"column":29}},"215":{"start":{"line":411,"column":29},"end":{"line":441,"column":1}},"216":{"start":{"line":412,"column":2},"end":{"line":440,"column":3}},"217":{"start":{"line":413,"column":19},"end":{"line":413,"column":29}},"218":{"start":{"line":414,"column":20},"end":{"line":414,"column":46}},"219":{"start":{"line":415,"column":4},"end":{"line":418,"column":5}},"220":{"start":{"line":416,"column":7},"end":{"line":416,"column":63}},"221":{"start":{"line":417,"column":7},"end":{"line":417,"column":14}},"222":{"start":{"line":420,"column":4},"end":{"line":429,"column":5}},"223":{"start":{"line":421,"column":19},"end":{"line":421,"column":52}},"224":{"start":{"line":422,"column":6},"end":{"line":428,"column":7}},"225":{"start":{"line":423,"column":8},"end":{"line":423,"column":34}},"226":{"start":{"line":424,"column":8},"end":{"line":424,"column":40}},"227":{"start":{"line":425,"column":8},"end":{"line":425,"column":26}},"228":{"start":{"line":426,"column":19},"end":{"line":426,"column":36}},"229":{"start":{"line":427,"column":8},"end":{"line":427,"column":118}},"230":{"start":{"line":427,"column":16},"end":{"line":427,"column":118}},"231":{"start":{"line":431,"column":4},"end":{"line":431,"column":57}},"232":{"start":{"line":432,"column":4},"end":{"line":432,"column":40}},"233":{"start":{"line":434,"column":15},"end":{"line":434,"column":32}},"234":{"start":{"line":435,"column":4},"end":{"line":435,"column":67}},"235":{"start":{"line":435,"column":12},"end":{"line":435,"column":67}},"236":{"start":{"line":437,"column":4},"end":{"line":437,"column":63}},"237":{"start":{"line":439,"column":4},"end":{"line":439,"column":56}},"238":{"start":{"line":411,"column":13},"end":{"line":411,"column":29}},"239":{"start":{"line":443,"column":29},"end":{"line":491,"column":1}},"240":{"start":{"line":444,"column":2},"end":{"line":490,"column":3}},"241":{"start":{"line":445,"column":20},"end":{"line":445,"column":74}},"242":{"start":{"line":446,"column":4},"end":{"line":449,"column":5}},"243":{"start":{"line":447,"column":6},"end":{"line":447,"column":77}},"244":{"start":{"line":448,"column":6},"end":{"line":448,"column":13}},"245":{"start":{"line":451,"column":17},"end":{"line":451,"column":50}},"246":{"start":{"line":452,"column":4},"end":{"line":455,"column":5}},"247":{"start":{"line":453,"column":6},"end":{"line":453,"column":59}},"248":{"start":{"line":454,"column":6},"end":{"line":454,"column":13}},"249":{"start":{"line":457,"column":27},"end":{"line":457,"column":37}},"250":{"start":{"line":458,"column":4},"end":{"line":458,"column":44}},"251":{"start":{"line":460,"column":21},"end":{"line":460,"column":97}},"252":{"start":{"line":461,"column":21},"end":{"line":461,"column":64}},"253":{"start":{"line":462,"column":4},"end":{"line":462,"column":39}},"254":{"start":{"line":462,"column":24},"end":{"line":462,"column":39}},"255":{"start":{"line":464,"column":22},"end":{"line":464,"column":65}},"256":{"start":{"line":465,"column":17},"end":{"line":465,"column":39}},"257":{"start":{"line":467,"column":20},"end":{"line":467,"column":45}},"258":{"start":{"line":468,"column":4},"end":{"line":468,"column":37}},"259":{"start":{"line":468,"column":23},"end":{"line":468,"column":37}},"260":{"start":{"line":470,"column":4},"end":{"line":470,"column":38}},"261":{"start":{"line":471,"column":4},"end":{"line":471,"column":30}},"262":{"start":{"line":472,"column":4},"end":{"line":472,"column":25}},"263":{"start":{"line":474,"column":4},"end":{"line":474,"column":29}},"264":{"start":{"line":475,"column":4},"end":{"line":475,"column":36}},"265":{"start":{"line":476,"column":4},"end":{"line":476,"column":22}},"266":{"start":{"line":478,"column":4},"end":{"line":478,"column":175}},"267":{"start":{"line":480,"column":15},"end":{"line":480,"column":32}},"268":{"start":{"line":481,"column":4},"end":{"line":485,"column":5}},"269":{"start":{"line":482,"column":6},"end":{"line":482,"column":32}},"270":{"start":{"line":483,"column":6},"end":{"line":483,"column":107}},"271":{"start":{"line":484,"column":6},"end":{"line":484,"column":54}},"272":{"start":{"line":487,"column":4},"end":{"line":487,"column":71}},"273":{"start":{"line":489,"column":4},"end":{"line":489,"column":56}},"274":{"start":{"line":443,"column":13},"end":{"line":443,"column":29}},"275":{"start":{"line":493,"column":29},"end":{"line":557,"column":1}},"276":{"start":{"line":494,"column":2},"end":{"line":556,"column":3}},"277":{"start":{"line":495,"column":37},"end":{"line":495,"column":45}},"278":{"start":{"line":496,"column":20},"end":{"line":496,"column":57}},"279":{"start":{"line":497,"column":4},"end":{"line":500,"column":5}},"280":{"start":{"line":498,"column":6},"end":{"line":498,"column":92}},"281":{"start":{"line":499,"column":6},"end":{"line":499,"column":13}},"282":{"start":{"line":502,"column":17},"end":{"line":502,"column":44}},"283":{"start":{"line":503,"column":4},"end":{"line":506,"column":5}},"284":{"start":{"line":504,"column":6},"end":{"line":504,"column":71}},"285":{"start":{"line":505,"column":6},"end":{"line":505,"column":13}},"286":{"start":{"line":508,"column":26},"end":{"line":508,"column":36}},"287":{"start":{"line":509,"column":27},"end":{"line":509,"column":49}},"288":{"start":{"line":510,"column":21},"end":{"line":510,"column":81}},"289":{"start":{"line":511,"column":17},"end":{"line":511,"column":60}},"290":{"start":{"line":512,"column":4},"end":{"line":512,"column":31}},"291":{"start":{"line":512,"column":20},"end":{"line":512,"column":31}},"292":{"start":{"line":514,"column":24},"end":{"line":514,"column":130}},"293":{"start":{"line":515,"column":27},"end":{"line":515,"column":94}},"294":{"start":{"line":516,"column":22},"end":{"line":516,"column":90}},"295":{"start":{"line":517,"column":24},"end":{"line":517,"column":59}},"296":{"start":{"line":519,"column":4},"end":{"line":519,"column":28}},"297":{"start":{"line":520,"column":4},"end":{"line":520,"column":40}},"298":{"start":{"line":521,"column":4},"end":{"line":521,"column":42}},"299":{"start":{"line":522,"column":4},"end":{"line":522,"column":39}},"300":{"start":{"line":523,"column":4},"end":{"line":523,"column":36}},"301":{"start":{"line":524,"column":4},"end":{"line":524,"column":39}},"302":{"start":{"line":526,"column":4},"end":{"line":526,"column":52}},"303":{"start":{"line":527,"column":4},"end":{"line":527,"column":30}},"304":{"start":{"line":529,"column":4},"end":{"line":535,"column":5}},"305":{"start":{"line":530,"column":6},"end":{"line":530,"column":37}},"306":{"start":{"line":531,"column":11},"end":{"line":535,"column":5}},"307":{"start":{"line":532,"column":6},"end":{"line":532,"column":47}},"308":{"start":{"line":534,"column":6},"end":{"line":534,"column":39}},"309":{"start":{"line":537,"column":4},"end":{"line":537,"column":30}},"310":{"start":{"line":538,"column":4},"end":{"line":538,"column":25}},"311":{"start":{"line":540,"column":4},"end":{"line":540,"column":27}},"312":{"start":{"line":541,"column":4},"end":{"line":541,"column":38}},"313":{"start":{"line":542,"column":4},"end":{"line":542,"column":22}},"314":{"start":{"line":544,"column":4},"end":{"line":544,"column":155}},"315":{"start":{"line":546,"column":15},"end":{"line":546,"column":32}},"316":{"start":{"line":547,"column":4},"end":{"line":551,"column":5}},"317":{"start":{"line":548,"column":6},"end":{"line":548,"column":32}},"318":{"start":{"line":549,"column":6},"end":{"line":549,"column":105}},"319":{"start":{"line":550,"column":6},"end":{"line":550,"column":54}},"320":{"start":{"line":553,"column":4},"end":{"line":553,"column":76}},"321":{"start":{"line":555,"column":4},"end":{"line":555,"column":56}},"322":{"start":{"line":493,"column":13},"end":{"line":493,"column":29}},"323":{"start":{"line":559,"column":34},"end":{"line":621,"column":1}},"324":{"start":{"line":560,"column":2},"end":{"line":620,"column":3}},"325":{"start":{"line":561,"column":28},"end":{"line":561,"column":36}},"326":{"start":{"line":562,"column":20},"end":{"line":562,"column":57}},"327":{"start":{"line":564,"column":4},"end":{"line":567,"column":5}},"328":{"start":{"line":565,"column":6},"end":{"line":565,"column":77}},"329":{"start":{"line":566,"column":6},"end":{"line":566,"column":13}},"330":{"start":{"line":569,"column":4},"end":{"line":572,"column":5}},"331":{"start":{"line":570,"column":6},"end":{"line":570,"column":61}},"332":{"start":{"line":571,"column":6},"end":{"line":571,"column":13}},"333":{"start":{"line":574,"column":18},"end":{"line":574,"column":28}},"334":{"start":{"line":575,"column":4},"end":{"line":575,"column":31}},"335":{"start":{"line":576,"column":21},"end":{"line":576,"column":51}},"336":{"start":{"line":577,"column":4},"end":{"line":577,"column":34}},"337":{"start":{"line":578,"column":4},"end":{"line":581,"column":5}},"338":{"start":{"line":579,"column":6},"end":{"line":579,"column":70}},"339":{"start":{"line":580,"column":6},"end":{"line":580,"column":13}},"340":{"start":{"line":583,"column":21},"end":{"line":583,"column":67}},"341":{"start":{"line":584,"column":26},"end":{"line":584,"column":58}},"342":{"start":{"line":586,"column":24},"end":{"line":586,"column":130}},"343":{"start":{"line":587,"column":27},"end":{"line":587,"column":86}},"344":{"start":{"line":588,"column":33},"end":{"line":588,"column":51}},"345":{"start":{"line":590,"column":20},"end":{"line":590,"column":21}},"346":{"start":{"line":591,"column":4},"end":{"line":593,"column":5}},"347":{"start":{"line":592,"column":6},"end":{"line":592,"column":55}},"348":{"start":{"line":595,"column":26},"end":{"line":595,"column":73}},"349":{"start":{"line":596,"column":4},"end":{"line":596,"column":62}},"350":{"start":{"line":598,"column":24},"end":{"line":598,"column":54}},"351":{"start":{"line":599,"column":23},"end":{"line":599,"column":49}},"352":{"start":{"line":600,"column":4},"end":{"line":600,"column":62}},"353":{"start":{"line":601,"column":4},"end":{"line":601,"column":39}},"354":{"start":{"line":602,"column":4},"end":{"line":602,"column":40}},"355":{"start":{"line":603,"column":4},"end":{"line":603,"column":74}},"356":{"start":{"line":605,"column":4},"end":{"line":605,"column":196}},"357":{"start":{"line":607,"column":4},"end":{"line":607,"column":25}},"358":{"start":{"line":609,"column":4},"end":{"line":609,"column":173}},"359":{"start":{"line":611,"column":15},"end":{"line":611,"column":32}},"360":{"start":{"line":612,"column":4},"end":{"line":615,"column":5}},"361":{"start":{"line":613,"column":6},"end":{"line":613,"column":32}},"362":{"start":{"line":614,"column":6},"end":{"line":614,"column":61}},"363":{"start":{"line":617,"column":4},"end":{"line":617,"column":120}},"364":{"start":{"line":619,"column":4},"end":{"line":619,"column":56}},"365":{"start":{"line":559,"column":13},"end":{"line":559,"column":34}},"366":{"start":{"line":623,"column":28},"end":{"line":686,"column":1}},"367":{"start":{"line":624,"column":2},"end":{"line":685,"column":3}},"368":{"start":{"line":625,"column":20},"end":{"line":625,"column":57}},"369":{"start":{"line":627,"column":4},"end":{"line":630,"column":5}},"370":{"start":{"line":628,"column":6},"end":{"line":628,"column":77}},"371":{"start":{"line":629,"column":6},"end":{"line":629,"column":13}},"372":{"start":{"line":632,"column":4},"end":{"line":635,"column":5}},"373":{"start":{"line":633,"column":6},"end":{"line":633,"column":73}},"374":{"start":{"line":634,"column":6},"end":{"line":634,"column":13}},"375":{"start":{"line":637,"column":18},"end":{"line":637,"column":28}},"376":{"start":{"line":638,"column":4},"end":{"line":638,"column":31}},"377":{"start":{"line":639,"column":21},"end":{"line":639,"column":51}},"378":{"start":{"line":640,"column":4},"end":{"line":640,"column":34}},"379":{"start":{"line":641,"column":4},"end":{"line":644,"column":5}},"380":{"start":{"line":642,"column":6},"end":{"line":642,"column":70}},"381":{"start":{"line":643,"column":6},"end":{"line":643,"column":13}},"382":{"start":{"line":646,"column":21},"end":{"line":646,"column":67}},"383":{"start":{"line":647,"column":26},"end":{"line":647,"column":58}},"384":{"start":{"line":649,"column":27},"end":{"line":649,"column":84}},"385":{"start":{"line":650,"column":33},"end":{"line":650,"column":51}},"386":{"start":{"line":652,"column":20},"end":{"line":652,"column":21}},"387":{"start":{"line":653,"column":4},"end":{"line":655,"column":5}},"388":{"start":{"line":654,"column":6},"end":{"line":654,"column":55}},"389":{"start":{"line":657,"column":30},"end":{"line":657,"column":73}},"390":{"start":{"line":660,"column":4},"end":{"line":660,"column":50}},"391":{"start":{"line":661,"column":4},"end":{"line":661,"column":51}},"392":{"start":{"line":663,"column":24},"end":{"line":663,"column":54}},"393":{"start":{"line":664,"column":23},"end":{"line":664,"column":49}},"394":{"start":{"line":665,"column":4},"end":{"line":665,"column":62}},"395":{"start":{"line":666,"column":4},"end":{"line":666,"column":39}},"396":{"start":{"line":667,"column":4},"end":{"line":667,"column":40}},"397":{"start":{"line":668,"column":4},"end":{"line":668,"column":74}},"398":{"start":{"line":670,"column":4},"end":{"line":670,"column":201}},"399":{"start":{"line":672,"column":4},"end":{"line":672,"column":25}},"400":{"start":{"line":674,"column":4},"end":{"line":674,"column":161}},"401":{"start":{"line":676,"column":15},"end":{"line":676,"column":32}},"402":{"start":{"line":677,"column":4},"end":{"line":680,"column":5}},"403":{"start":{"line":678,"column":6},"end":{"line":678,"column":32}},"404":{"start":{"line":679,"column":6},"end":{"line":679,"column":61}},"405":{"start":{"line":682,"column":4},"end":{"line":682,"column":130}},"406":{"start":{"line":684,"column":4},"end":{"line":684,"column":56}},"407":{"start":{"line":623,"column":13},"end":{"line":623,"column":28}},"408":{"start":{"line":688,"column":31},"end":{"line":768,"column":1}},"409":{"start":{"line":689,"column":2},"end":{"line":767,"column":3}},"410":{"start":{"line":690,"column":20},"end":{"line":690,"column":57}},"411":{"start":{"line":692,"column":4},"end":{"line":695,"column":5}},"412":{"start":{"line":693,"column":6},"end":{"line":693,"column":77}},"413":{"start":{"line":694,"column":6},"end":{"line":694,"column":13}},"414":{"start":{"line":697,"column":18},"end":{"line":697,"column":28}},"415":{"start":{"line":698,"column":4},"end":{"line":698,"column":31}},"416":{"start":{"line":699,"column":21},"end":{"line":699,"column":51}},"417":{"start":{"line":700,"column":4},"end":{"line":700,"column":34}},"418":{"start":{"line":701,"column":4},"end":{"line":704,"column":5}},"419":{"start":{"line":702,"column":6},"end":{"line":702,"column":70}},"420":{"start":{"line":703,"column":6},"end":{"line":703,"column":13}},"421":{"start":{"line":706,"column":21},"end":{"line":706,"column":67}},"422":{"start":{"line":707,"column":26},"end":{"line":707,"column":58}},"423":{"start":{"line":709,"column":22},"end":{"line":709,"column":126}},"424":{"start":{"line":710,"column":31},"end":{"line":710,"column":78}},"425":{"start":{"line":711,"column":27},"end":{"line":711,"column":61}},"426":{"start":{"line":712,"column":33},"end":{"line":712,"column":51}},"427":{"start":{"line":714,"column":4},"end":{"line":717,"column":5}},"428":{"start":{"line":715,"column":6},"end":{"line":715,"column":95}},"429":{"start":{"line":716,"column":6},"end":{"line":716,"column":13}},"430":{"start":{"line":719,"column":22},"end":{"line":719,"column":58}},"431":{"start":{"line":720,"column":33},"end":{"line":720,"column":62}},"432":{"start":{"line":723,"column":4},"end":{"line":745,"column":5}},"433":{"start":{"line":724,"column":29},"end":{"line":724,"column":67}},"434":{"start":{"line":725,"column":6},"end":{"line":725,"column":62}},"435":{"start":{"line":726,"column":6},"end":{"line":726,"column":64}},"436":{"start":{"line":727,"column":6},"end":{"line":727,"column":94}},"437":{"start":{"line":727,"column":36},"end":{"line":727,"column":94}},"438":{"start":{"line":728,"column":6},"end":{"line":728,"column":65}},"439":{"start":{"line":729,"column":6},"end":{"line":729,"column":109}},"440":{"start":{"line":729,"column":41},"end":{"line":729,"column":109}},"441":{"start":{"line":730,"column":6},"end":{"line":730,"column":50}},"442":{"start":{"line":731,"column":6},"end":{"line":731,"column":251}},"443":{"start":{"line":732,"column":11},"end":{"line":745,"column":5}},"444":{"start":{"line":734,"column":25},"end":{"line":734,"column":68}},"445":{"start":{"line":735,"column":6},"end":{"line":735,"column":49}},"446":{"start":{"line":736,"column":6},"end":{"line":738,"column":7}},"447":{"start":{"line":737,"column":8},"end":{"line":737,"column":95}},"448":{"start":{"line":739,"column":6},"end":{"line":741,"column":7}},"449":{"start":{"line":740,"column":8},"end":{"line":740,"column":95}},"450":{"start":{"line":742,"column":6},"end":{"line":742,"column":52}},"451":{"start":{"line":743,"column":6},"end":{"line":743,"column":53}},"452":{"start":{"line":744,"column":6},"end":{"line":744,"column":238}},"453":{"start":{"line":747,"column":24},"end":{"line":747,"column":54}},"454":{"start":{"line":748,"column":23},"end":{"line":748,"column":49}},"455":{"start":{"line":749,"column":4},"end":{"line":749,"column":62}},"456":{"start":{"line":750,"column":4},"end":{"line":750,"column":39}},"457":{"start":{"line":751,"column":4},"end":{"line":751,"column":40}},"458":{"start":{"line":752,"column":4},"end":{"line":752,"column":74}},"459":{"start":{"line":754,"column":4},"end":{"line":754,"column":25}},"460":{"start":{"line":756,"column":4},"end":{"line":756,"column":168}},"461":{"start":{"line":758,"column":15},"end":{"line":758,"column":32}},"462":{"start":{"line":759,"column":4},"end":{"line":762,"column":5}},"463":{"start":{"line":760,"column":6},"end":{"line":760,"column":32}},"464":{"start":{"line":761,"column":6},"end":{"line":761,"column":61}},"465":{"start":{"line":764,"column":4},"end":{"line":764,"column":127}},"466":{"start":{"line":766,"column":4},"end":{"line":766,"column":56}},"467":{"start":{"line":688,"column":13},"end":{"line":688,"column":31}},"468":{"start":{"line":770,"column":33},"end":{"line":816,"column":1}},"469":{"start":{"line":771,"column":2},"end":{"line":815,"column":3}},"470":{"start":{"line":772,"column":22},"end":{"line":772,"column":32}},"471":{"start":{"line":773,"column":21},"end":{"line":776,"column":30}},"472":{"start":{"line":778,"column":4},"end":{"line":781,"column":5}},"473":{"start":{"line":779,"column":6},"end":{"line":779,"column":60}},"474":{"start":{"line":780,"column":6},"end":{"line":780,"column":13}},"475":{"start":{"line":784,"column":26},"end":{"line":784,"column":37}},"476":{"start":{"line":785,"column":26},"end":{"line":785,"column":52}},"477":{"start":{"line":788,"column":24},"end":{"line":788,"column":39}},"478":{"start":{"line":789,"column":23},"end":{"line":789,"column":73}},"479":{"start":{"line":789,"column":51},"end":{"line":789,"column":69}},"480":{"start":{"line":790,"column":20},"end":{"line":790,"column":21}},"481":{"start":{"line":791,"column":4},"end":{"line":794,"column":7}},"482":{"start":{"line":792,"column":19},"end":{"line":792,"column":46}},"483":{"start":{"line":793,"column":6},"end":{"line":793,"column":38}},"484":{"start":{"line":793,"column":20},"end":{"line":793,"column":38}},"485":{"start":{"line":796,"column":23},"end":{"line":796,"column":47}},"486":{"start":{"line":796,"column":41},"end":{"line":796,"column":46}},"487":{"start":{"line":797,"column":21},"end":{"line":800,"column":6}},"488":{"start":{"line":801,"column":25},"end":{"line":801,"column":71}},"489":{"start":{"line":801,"column":53},"end":{"line":801,"column":67}},"490":{"start":{"line":803,"column":4},"end":{"line":812,"column":7}},"491":{"start":{"line":814,"column":4},"end":{"line":814,"column":56}},"492":{"start":{"line":770,"column":13},"end":{"line":770,"column":33}}},"fnMap":{"0":{"name":"(anonymous_1)","decl":{"start":{"line":9,"column":23},"end":{"line":9,"column":28}},"loc":{"start":{"line":9,"column":80},"end":{"line":143,"column":1}}},"1":{"name":"(anonymous_2)","decl":{"start":{"line":145,"column":24},"end":{"line":145,"column":29}},"loc":{"start":{"line":145,"column":81},"end":{"line":238,"column":1}}},"2":{"name":"(anonymous_3)","decl":{"start":{"line":178,"column":61},"end":{"line":178,"column":62}},"loc":{"start":{"line":178,"column":74},"end":{"line":178,"column":89}}},"3":{"name":"(anonymous_4)","decl":{"start":{"line":240,"column":30},"end":{"line":240,"column":35}},"loc":{"start":{"line":240,"column":87},"end":{"line":260,"column":1}}},"4":{"name":"(anonymous_5)","decl":{"start":{"line":262,"column":33},"end":{"line":262,"column":38}},"loc":{"start":{"line":262,"column":90},"end":{"line":273,"column":1}}},"5":{"name":"(anonymous_6)","decl":{"start":{"line":275,"column":30},"end":{"line":275,"column":35}},"loc":{"start":{"line":275,"column":87},"end":{"line":290,"column":1}}},"6":{"name":"(anonymous_7)","decl":{"start":{"line":292,"column":26},"end":{"line":292,"column":31}},"loc":{"start":{"line":292,"column":83},"end":{"line":327,"column":1}}},"7":{"name":"(anonymous_8)","decl":{"start":{"line":329,"column":29},"end":{"line":329,"column":34}},"loc":{"start":{"line":329,"column":86},"end":{"line":409,"column":1}}},"8":{"name":"(anonymous_9)","decl":{"start":{"line":370,"column":63},"end":{"line":370,"column":64}},"loc":{"start":{"line":370,"column":76},"end":{"line":370,"column":91}}},"9":{"name":"(anonymous_10)","decl":{"start":{"line":411,"column":29},"end":{"line":411,"column":34}},"loc":{"start":{"line":411,"column":86},"end":{"line":441,"column":1}}},"10":{"name":"(anonymous_11)","decl":{"start":{"line":443,"column":29},"end":{"line":443,"column":34}},"loc":{"start":{"line":443,"column":86},"end":{"line":491,"column":1}}},"11":{"name":"(anonymous_12)","decl":{"start":{"line":493,"column":29},"end":{"line":493,"column":34}},"loc":{"start":{"line":493,"column":86},"end":{"line":557,"column":1}}},"12":{"name":"(anonymous_13)","decl":{"start":{"line":559,"column":34},"end":{"line":559,"column":39}},"loc":{"start":{"line":559,"column":91},"end":{"line":621,"column":1}}},"13":{"name":"(anonymous_14)","decl":{"start":{"line":623,"column":28},"end":{"line":623,"column":33}},"loc":{"start":{"line":623,"column":85},"end":{"line":686,"column":1}}},"14":{"name":"(anonymous_15)","decl":{"start":{"line":688,"column":31},"end":{"line":688,"column":36}},"loc":{"start":{"line":688,"column":88},"end":{"line":768,"column":1}}},"15":{"name":"(anonymous_16)","decl":{"start":{"line":770,"column":33},"end":{"line":770,"column":38}},"loc":{"start":{"line":770,"column":90},"end":{"line":816,"column":1}}},"16":{"name":"(anonymous_17)","decl":{"start":{"line":789,"column":39},"end":{"line":789,"column":40}},"loc":{"start":{"line":789,"column":51},"end":{"line":789,"column":69}}},"17":{"name":"(anonymous_18)","decl":{"start":{"line":791,"column":21},"end":{"line":791,"column":22}},"loc":{"start":{"line":791,"column":25},"end":{"line":794,"column":5}}},"18":{"name":"(anonymous_19)","decl":{"start":{"line":796,"column":36},"end":{"line":796,"column":37}},"loc":{"start":{"line":796,"column":41},"end":{"line":796,"column":46}}},"19":{"name":"(anonymous_20)","decl":{"start":{"line":801,"column":41},"end":{"line":801,"column":42}},"loc":{"start":{"line":801,"column":53},"end":{"line":801,"column":67}}}},"branchMap":{"0":{"loc":{"start":{"line":15,"column":4},"end":{"line":18,"column":5}},"type":"if","locations":[{"start":{"line":15,"column":4},"end":{"line":18,"column":5}},{"start":{},"end":{}}]},"1":{"loc":{"start":{"line":19,"column":4},"end":{"line":22,"column":5}},"type":"if","locations":[{"start":{"line":19,"column":4},"end":{"line":22,"column":5}},{"start":{},"end":{}}]},"2":{"loc":{"start":{"line":25,"column":4},"end":{"line":30,"column":5}},"type":"if","locations":[{"start":{"line":25,"column":4},"end":{"line":30,"column":5}},{"start":{},"end":{}}]},"3":{"loc":{"start":{"line":26,"column":6},"end":{"line":29,"column":7}},"type":"if","locations":[{"start":{"line":26,"column":6},"end":{"line":29,"column":7}},{"start":{},"end":{}}]},"4":{"loc":{"start":{"line":38,"column":4},"end":{"line":38,"column":51}},"type":"if","locations":[{"start":{"line":38,"column":4},"end":{"line":38,"column":51}},{"start":{},"end":{}}]},"5":{"loc":{"start":{"line":40,"column":24},"end":{"line":40,"column":114}},"type":"cond-expr","locations":[{"start":{"line":40,"column":109},"end":{"line":40,"column":110}},{"start":{"line":40,"column":113},"end":{"line":40,"column":114}}]},"6":{"loc":{"start":{"line":40,"column":25},"end":{"line":40,"column":105}},"type":"binary-expr","locations":[{"start":{"line":40,"column":25},"end":{"line":40,"column":65}},{"start":{"line":40,"column":69},"end":{"line":40,"column":105}}]},"7":{"loc":{"start":{"line":41,"column":46},"end":{"line":41,"column":85}},"type":"binary-expr","locations":[{"start":{"line":41,"column":46},"end":{"line":41,"column":80}},{"start":{"line":41,"column":84},"end":{"line":41,"column":85}}]},"8":{"loc":{"start":{"line":42,"column":22},"end":{"line":42,"column":82}},"type":"cond-expr","locations":[{"start":{"line":42,"column":39},"end":{"line":42,"column":61}},{"start":{"line":42,"column":64},"end":{"line":42,"column":82}}]},"9":{"loc":{"start":{"line":46,"column":4},"end":{"line":48,"column":5}},"type":"if","locations":[{"start":{"line":46,"column":4},"end":{"line":48,"column":5}},{"start":{},"end":{}}]},"10":{"loc":{"start":{"line":46,"column":8},"end":{"line":46,"column":106}},"type":"binary-expr","locations":[{"start":{"line":46,"column":8},"end":{"line":46,"column":37}},{"start":{"line":46,"column":41},"end":{"line":46,"column":65}},{"start":{"line":46,"column":69},"end":{"line":46,"column":106}}]},"11":{"loc":{"start":{"line":49,"column":23},"end":{"line":49,"column":38}},"type":"binary-expr","locations":[{"start":{"line":49,"column":23},"end":{"line":49,"column":33}},{"start":{"line":49,"column":37},"end":{"line":49,"column":38}}]},"12":{"loc":{"start":{"line":52,"column":4},"end":{"line":53,"column":62}},"type":"if","locations":[{"start":{"line":52,"column":4},"end":{"line":53,"column":62}},{"start":{"line":53,"column":9},"end":{"line":53,"column":62}}]},"13":{"loc":{"start":{"line":53,"column":9},"end":{"line":53,"column":62}},"type":"if","locations":[{"start":{"line":53,"column":9},"end":{"line":53,"column":62}},{"start":{},"end":{}}]},"14":{"loc":{"start":{"line":62,"column":22},"end":{"line":62,"column":73}},"type":"cond-expr","locations":[{"start":{"line":62,"column":39},"end":{"line":62,"column":61}},{"start":{"line":62,"column":64},"end":{"line":62,"column":73}}]},"15":{"loc":{"start":{"line":63,"column":23},"end":{"line":63,"column":76}},"type":"cond-expr","locations":[{"start":{"line":63,"column":41},"end":{"line":63,"column":64}},{"start":{"line":63,"column":67},"end":{"line":63,"column":76}}]},"16":{"loc":{"start":{"line":77,"column":4},"end":{"line":91,"column":5}},"type":"if","locations":[{"start":{"line":77,"column":4},"end":{"line":91,"column":5}},{"start":{},"end":{}}]},"17":{"loc":{"start":{"line":77,"column":8},"end":{"line":77,"column":61}},"type":"binary-expr","locations":[{"start":{"line":77,"column":8},"end":{"line":77,"column":25}},{"start":{"line":77,"column":29},"end":{"line":77,"column":61}}]},"18":{"loc":{"start":{"line":79,"column":8},"end":{"line":89,"column":9}},"type":"if","locations":[{"start":{"line":79,"column":8},"end":{"line":89,"column":9}},{"start":{},"end":{}}]},"19":{"loc":{"start":{"line":99,"column":4},"end":{"line":110,"column":5}},"type":"if","locations":[{"start":{"line":99,"column":4},"end":{"line":110,"column":5}},{"start":{},"end":{}}]},"20":{"loc":{"start":{"line":122,"column":4},"end":{"line":129,"column":5}},"type":"if","locations":[{"start":{"line":122,"column":4},"end":{"line":129,"column":5}},{"start":{},"end":{}}]},"21":{"loc":{"start":{"line":150,"column":4},"end":{"line":153,"column":5}},"type":"if","locations":[{"start":{"line":150,"column":4},"end":{"line":153,"column":5}},{"start":{},"end":{}}]},"22":{"loc":{"start":{"line":154,"column":4},"end":{"line":157,"column":5}},"type":"if","locations":[{"start":{"line":154,"column":4},"end":{"line":157,"column":5}},{"start":{},"end":{}}]},"23":{"loc":{"start":{"line":160,"column":4},"end":{"line":163,"column":5}},"type":"if","locations":[{"start":{"line":160,"column":4},"end":{"line":163,"column":5}},{"start":{},"end":{}}]},"24":{"loc":{"start":{"line":173,"column":4},"end":{"line":175,"column":5}},"type":"if","locations":[{"start":{"line":173,"column":4},"end":{"line":175,"column":5}},{"start":{},"end":{}}]},"25":{"loc":{"start":{"line":173,"column":8},"end":{"line":173,"column":57}},"type":"binary-expr","locations":[{"start":{"line":173,"column":8},"end":{"line":173,"column":25}},{"start":{"line":173,"column":29},"end":{"line":173,"column":57}}]},"26":{"loc":{"start":{"line":180,"column":27},"end":{"line":180,"column":71}},"type":"binary-expr","locations":[{"start":{"line":180,"column":27},"end":{"line":180,"column":49}},{"start":{"line":180,"column":53},"end":{"line":180,"column":71}}]},"27":{"loc":{"start":{"line":181,"column":24},"end":{"line":181,"column":130}},"type":"cond-expr","locations":[{"start":{"line":181,"column":125},"end":{"line":181,"column":126}},{"start":{"line":181,"column":129},"end":{"line":181,"column":130}}]},"28":{"loc":{"start":{"line":181,"column":25},"end":{"line":181,"column":121}},"type":"binary-expr","locations":[{"start":{"line":181,"column":25},"end":{"line":181,"column":73}},{"start":{"line":181,"column":77},"end":{"line":181,"column":121}}]},"29":{"loc":{"start":{"line":182,"column":46},"end":{"line":182,"column":93}},"type":"binary-expr","locations":[{"start":{"line":182,"column":46},"end":{"line":182,"column":88}},{"start":{"line":182,"column":92},"end":{"line":182,"column":93}}]},"30":{"loc":{"start":{"line":186,"column":4},"end":{"line":190,"column":5}},"type":"if","locations":[{"start":{"line":186,"column":4},"end":{"line":190,"column":5}},{"start":{"line":188,"column":11},"end":{"line":190,"column":5}}]},"31":{"loc":{"start":{"line":188,"column":11},"end":{"line":190,"column":5}},"type":"if","locations":[{"start":{"line":188,"column":11},"end":{"line":190,"column":5}},{"start":{},"end":{}}]},"32":{"loc":{"start":{"line":202,"column":4},"end":{"line":212,"column":5}},"type":"if","locations":[{"start":{"line":202,"column":4},"end":{"line":212,"column":5}},{"start":{},"end":{}}]},"33":{"loc":{"start":{"line":223,"column":4},"end":{"line":227,"column":5}},"type":"if","locations":[{"start":{"line":223,"column":4},"end":{"line":227,"column":5}},{"start":{},"end":{}}]},"34":{"loc":{"start":{"line":242,"column":20},"end":{"line":242,"column":28}},"type":"default-arg","locations":[{"start":{"line":242,"column":27},"end":{"line":242,"column":28}}]},"35":{"loc":{"start":{"line":242,"column":30},"end":{"line":242,"column":40}},"type":"default-arg","locations":[{"start":{"line":242,"column":38},"end":{"line":242,"column":40}}]},"36":{"loc":{"start":{"line":244,"column":4},"end":{"line":244,"column":39}},"type":"if","locations":[{"start":{"line":244,"column":4},"end":{"line":244,"column":39}},{"start":{},"end":{}}]},"37":{"loc":{"start":{"line":281,"column":4},"end":{"line":284,"column":5}},"type":"if","locations":[{"start":{"line":281,"column":4},"end":{"line":284,"column":5}},{"start":{},"end":{}}]},"38":{"loc":{"start":{"line":296,"column":4},"end":{"line":299,"column":5}},"type":"if","locations":[{"start":{"line":296,"column":4},"end":{"line":299,"column":5}},{"start":{},"end":{}}]},"39":{"loc":{"start":{"line":302,"column":4},"end":{"line":306,"column":5}},"type":"if","locations":[{"start":{"line":302,"column":4},"end":{"line":306,"column":5}},{"start":{"line":304,"column":11},"end":{"line":306,"column":5}}]},"40":{"loc":{"start":{"line":321,"column":4},"end":{"line":321,"column":61}},"type":"if","locations":[{"start":{"line":321,"column":4},"end":{"line":321,"column":61}},{"start":{},"end":{}}]},"41":{"loc":{"start":{"line":335,"column":4},"end":{"line":338,"column":5}},"type":"if","locations":[{"start":{"line":335,"column":4},"end":{"line":338,"column":5}},{"start":{},"end":{}}]},"42":{"loc":{"start":{"line":342,"column":4},"end":{"line":342,"column":65}},"type":"if","locations":[{"start":{"line":342,"column":4},"end":{"line":342,"column":65}},{"start":{},"end":{}}]},"43":{"loc":{"start":{"line":343,"column":4},"end":{"line":343,"column":68}},"type":"if","locations":[{"start":{"line":343,"column":4},"end":{"line":343,"column":68}},{"start":{},"end":{}}]},"44":{"loc":{"start":{"line":344,"column":4},"end":{"line":344,"column":40}},"type":"if","locations":[{"start":{"line":344,"column":4},"end":{"line":344,"column":40}},{"start":{},"end":{}}]},"45":{"loc":{"start":{"line":347,"column":4},"end":{"line":355,"column":5}},"type":"if","locations":[{"start":{"line":347,"column":4},"end":{"line":355,"column":5}},{"start":{},"end":{}}]},"46":{"loc":{"start":{"line":348,"column":6},"end":{"line":348,"column":101}},"type":"if","locations":[{"start":{"line":348,"column":6},"end":{"line":348,"column":101}},{"start":{},"end":{}}]},"47":{"loc":{"start":{"line":349,"column":6},"end":{"line":349,"column":92}},"type":"if","locations":[{"start":{"line":349,"column":6},"end":{"line":349,"column":92}},{"start":{},"end":{}}]},"48":{"loc":{"start":{"line":350,"column":6},"end":{"line":350,"column":116}},"type":"if","locations":[{"start":{"line":350,"column":6},"end":{"line":350,"column":116}},{"start":{},"end":{}}]},"49":{"loc":{"start":{"line":351,"column":6},"end":{"line":351,"column":104}},"type":"if","locations":[{"start":{"line":351,"column":6},"end":{"line":351,"column":104}},{"start":{},"end":{}}]},"50":{"loc":{"start":{"line":352,"column":6},"end":{"line":352,"column":104}},"type":"if","locations":[{"start":{"line":352,"column":6},"end":{"line":352,"column":104}},{"start":{},"end":{}}]},"51":{"loc":{"start":{"line":353,"column":6},"end":{"line":353,"column":98}},"type":"if","locations":[{"start":{"line":353,"column":6},"end":{"line":353,"column":98}},{"start":{},"end":{}}]},"52":{"loc":{"start":{"line":354,"column":6},"end":{"line":354,"column":119}},"type":"if","locations":[{"start":{"line":354,"column":6},"end":{"line":354,"column":119}},{"start":{},"end":{}}]},"53":{"loc":{"start":{"line":357,"column":4},"end":{"line":372,"column":5}},"type":"if","locations":[{"start":{"line":357,"column":4},"end":{"line":372,"column":5}},{"start":{},"end":{}}]},"54":{"loc":{"start":{"line":357,"column":8},"end":{"line":357,"column":35}},"type":"binary-expr","locations":[{"start":{"line":357,"column":8},"end":{"line":357,"column":19}},{"start":{"line":357,"column":23},"end":{"line":357,"column":35}}]},"55":{"loc":{"start":{"line":362,"column":6},"end":{"line":362,"column":33}},"type":"if","locations":[{"start":{"line":362,"column":6},"end":{"line":362,"column":33}},{"start":{},"end":{}}]},"56":{"loc":{"start":{"line":366,"column":29},"end":{"line":366,"column":73}},"type":"binary-expr","locations":[{"start":{"line":366,"column":29},"end":{"line":366,"column":51}},{"start":{"line":366,"column":55},"end":{"line":366,"column":73}}]},"57":{"loc":{"start":{"line":367,"column":26},"end":{"line":367,"column":132}},"type":"cond-expr","locations":[{"start":{"line":367,"column":127},"end":{"line":367,"column":128}},{"start":{"line":367,"column":131},"end":{"line":367,"column":132}}]},"58":{"loc":{"start":{"line":367,"column":27},"end":{"line":367,"column":123}},"type":"binary-expr","locations":[{"start":{"line":367,"column":27},"end":{"line":367,"column":75}},{"start":{"line":367,"column":79},"end":{"line":367,"column":123}}]},"59":{"loc":{"start":{"line":368,"column":48},"end":{"line":368,"column":95}},"type":"binary-expr","locations":[{"start":{"line":368,"column":48},"end":{"line":368,"column":90}},{"start":{"line":368,"column":94},"end":{"line":368,"column":95}}]},"60":{"loc":{"start":{"line":374,"column":4},"end":{"line":390,"column":5}},"type":"if","locations":[{"start":{"line":374,"column":4},"end":{"line":390,"column":5}},{"start":{},"end":{}}]},"61":{"loc":{"start":{"line":378,"column":6},"end":{"line":389,"column":7}},"type":"if","locations":[{"start":{"line":378,"column":6},"end":{"line":389,"column":7}},{"start":{},"end":{}}]},"62":{"loc":{"start":{"line":384,"column":25},"end":{"line":384,"column":63}},"type":"binary-expr","locations":[{"start":{"line":384,"column":25},"end":{"line":384,"column":38}},{"start":{"line":384,"column":42},"end":{"line":384,"column":63}}]},"63":{"loc":{"start":{"line":392,"column":4},"end":{"line":398,"column":5}},"type":"if","locations":[{"start":{"line":392,"column":4},"end":{"line":398,"column":5}},{"start":{"line":394,"column":11},"end":{"line":398,"column":5}}]},"64":{"loc":{"start":{"line":394,"column":11},"end":{"line":398,"column":5}},"type":"if","locations":[{"start":{"line":394,"column":11},"end":{"line":398,"column":5}},{"start":{"line":396,"column":11},"end":{"line":398,"column":5}}]},"65":{"loc":{"start":{"line":403,"column":4},"end":{"line":403,"column":67}},"type":"if","locations":[{"start":{"line":403,"column":4},"end":{"line":403,"column":67}},{"start":{},"end":{}}]},"66":{"loc":{"start":{"line":415,"column":4},"end":{"line":418,"column":5}},"type":"if","locations":[{"start":{"line":415,"column":4},"end":{"line":418,"column":5}},{"start":{},"end":{}}]},"67":{"loc":{"start":{"line":420,"column":4},"end":{"line":429,"column":5}},"type":"if","locations":[{"start":{"line":420,"column":4},"end":{"line":429,"column":5}},{"start":{},"end":{}}]},"68":{"loc":{"start":{"line":422,"column":6},"end":{"line":428,"column":7}},"type":"if","locations":[{"start":{"line":422,"column":6},"end":{"line":428,"column":7}},{"start":{},"end":{}}]},"69":{"loc":{"start":{"line":427,"column":8},"end":{"line":427,"column":118}},"type":"if","locations":[{"start":{"line":427,"column":8},"end":{"line":427,"column":118}},{"start":{},"end":{}}]},"70":{"loc":{"start":{"line":435,"column":4},"end":{"line":435,"column":67}},"type":"if","locations":[{"start":{"line":435,"column":4},"end":{"line":435,"column":67}},{"start":{},"end":{}}]},"71":{"loc":{"start":{"line":446,"column":4},"end":{"line":449,"column":5}},"type":"if","locations":[{"start":{"line":446,"column":4},"end":{"line":449,"column":5}},{"start":{},"end":{}}]},"72":{"loc":{"start":{"line":446,"column":8},"end":{"line":446,"column":47}},"type":"binary-expr","locations":[{"start":{"line":446,"column":8},"end":{"line":446,"column":16}},{"start":{"line":446,"column":20},"end":{"line":446,"column":47}}]},"73":{"loc":{"start":{"line":452,"column":4},"end":{"line":455,"column":5}},"type":"if","locations":[{"start":{"line":452,"column":4},"end":{"line":455,"column":5}},{"start":{},"end":{}}]},"74":{"loc":{"start":{"line":462,"column":4},"end":{"line":462,"column":39}},"type":"if","locations":[{"start":{"line":462,"column":4},"end":{"line":462,"column":39}},{"start":{},"end":{}}]},"75":{"loc":{"start":{"line":468,"column":4},"end":{"line":468,"column":37}},"type":"if","locations":[{"start":{"line":468,"column":4},"end":{"line":468,"column":37}},{"start":{},"end":{}}]},"76":{"loc":{"start":{"line":481,"column":4},"end":{"line":485,"column":5}},"type":"if","locations":[{"start":{"line":481,"column":4},"end":{"line":485,"column":5}},{"start":{},"end":{}}]},"77":{"loc":{"start":{"line":497,"column":4},"end":{"line":500,"column":5}},"type":"if","locations":[{"start":{"line":497,"column":4},"end":{"line":500,"column":5}},{"start":{},"end":{}}]},"78":{"loc":{"start":{"line":497,"column":8},"end":{"line":497,"column":47}},"type":"binary-expr","locations":[{"start":{"line":497,"column":8},"end":{"line":497,"column":16}},{"start":{"line":497,"column":20},"end":{"line":497,"column":47}}]},"79":{"loc":{"start":{"line":503,"column":4},"end":{"line":506,"column":5}},"type":"if","locations":[{"start":{"line":503,"column":4},"end":{"line":506,"column":5}},{"start":{},"end":{}}]},"80":{"loc":{"start":{"line":503,"column":8},"end":{"line":503,"column":44}},"type":"binary-expr","locations":[{"start":{"line":503,"column":8},"end":{"line":503,"column":13}},{"start":{"line":503,"column":17},"end":{"line":503,"column":44}}]},"81":{"loc":{"start":{"line":512,"column":4},"end":{"line":512,"column":31}},"type":"if","locations":[{"start":{"line":512,"column":4},"end":{"line":512,"column":31}},{"start":{},"end":{}}]},"82":{"loc":{"start":{"line":514,"column":24},"end":{"line":514,"column":130}},"type":"cond-expr","locations":[{"start":{"line":514,"column":125},"end":{"line":514,"column":126}},{"start":{"line":514,"column":129},"end":{"line":514,"column":130}}]},"83":{"loc":{"start":{"line":514,"column":25},"end":{"line":514,"column":121}},"type":"binary-expr","locations":[{"start":{"line":514,"column":25},"end":{"line":514,"column":73}},{"start":{"line":514,"column":77},"end":{"line":514,"column":121}}]},"84":{"loc":{"start":{"line":515,"column":46},"end":{"line":515,"column":93}},"type":"binary-expr","locations":[{"start":{"line":515,"column":46},"end":{"line":515,"column":88}},{"start":{"line":515,"column":92},"end":{"line":515,"column":93}}]},"85":{"loc":{"start":{"line":516,"column":22},"end":{"line":516,"column":90}},"type":"cond-expr","locations":[{"start":{"line":516,"column":47},"end":{"line":516,"column":69}},{"start":{"line":516,"column":72},"end":{"line":516,"column":90}}]},"86":{"loc":{"start":{"line":526,"column":25},"end":{"line":526,"column":51}},"type":"binary-expr","locations":[{"start":{"line":526,"column":25},"end":{"line":526,"column":46}},{"start":{"line":526,"column":50},"end":{"line":526,"column":51}}]},"87":{"loc":{"start":{"line":529,"column":4},"end":{"line":535,"column":5}},"type":"if","locations":[{"start":{"line":529,"column":4},"end":{"line":535,"column":5}},{"start":{"line":531,"column":11},"end":{"line":535,"column":5}}]},"88":{"loc":{"start":{"line":531,"column":11},"end":{"line":535,"column":5}},"type":"if","locations":[{"start":{"line":531,"column":11},"end":{"line":535,"column":5}},{"start":{"line":533,"column":11},"end":{"line":535,"column":5}}]},"89":{"loc":{"start":{"line":547,"column":4},"end":{"line":551,"column":5}},"type":"if","locations":[{"start":{"line":547,"column":4},"end":{"line":551,"column":5}},{"start":{},"end":{}}]},"90":{"loc":{"start":{"line":564,"column":4},"end":{"line":567,"column":5}},"type":"if","locations":[{"start":{"line":564,"column":4},"end":{"line":567,"column":5}},{"start":{},"end":{}}]},"91":{"loc":{"start":{"line":564,"column":8},"end":{"line":564,"column":47}},"type":"binary-expr","locations":[{"start":{"line":564,"column":8},"end":{"line":564,"column":16}},{"start":{"line":564,"column":20},"end":{"line":564,"column":47}}]},"92":{"loc":{"start":{"line":569,"column":4},"end":{"line":572,"column":5}},"type":"if","locations":[{"start":{"line":569,"column":4},"end":{"line":572,"column":5}},{"start":{},"end":{}}]},"93":{"loc":{"start":{"line":569,"column":8},"end":{"line":569,"column":103}},"type":"binary-expr","locations":[{"start":{"line":569,"column":8},"end":{"line":569,"column":43}},{"start":{"line":569,"column":47},"end":{"line":569,"column":103}}]},"94":{"loc":{"start":{"line":578,"column":4},"end":{"line":581,"column":5}},"type":"if","locations":[{"start":{"line":578,"column":4},"end":{"line":581,"column":5}},{"start":{},"end":{}}]},"95":{"loc":{"start":{"line":586,"column":24},"end":{"line":586,"column":130}},"type":"cond-expr","locations":[{"start":{"line":586,"column":125},"end":{"line":586,"column":126}},{"start":{"line":586,"column":129},"end":{"line":586,"column":130}}]},"96":{"loc":{"start":{"line":586,"column":25},"end":{"line":586,"column":121}},"type":"binary-expr","locations":[{"start":{"line":586,"column":25},"end":{"line":586,"column":73}},{"start":{"line":586,"column":77},"end":{"line":586,"column":121}}]},"97":{"loc":{"start":{"line":591,"column":4},"end":{"line":593,"column":5}},"type":"if","locations":[{"start":{"line":591,"column":4},"end":{"line":593,"column":5}},{"start":{},"end":{}}]},"98":{"loc":{"start":{"line":605,"column":21},"end":{"line":605,"column":62}},"type":"cond-expr","locations":[{"start":{"line":605,"column":37},"end":{"line":605,"column":57}},{"start":{"line":605,"column":60},"end":{"line":605,"column":62}}]},"99":{"loc":{"start":{"line":612,"column":4},"end":{"line":615,"column":5}},"type":"if","locations":[{"start":{"line":612,"column":4},"end":{"line":615,"column":5}},{"start":{},"end":{}}]},"100":{"loc":{"start":{"line":627,"column":4},"end":{"line":630,"column":5}},"type":"if","locations":[{"start":{"line":627,"column":4},"end":{"line":630,"column":5}},{"start":{},"end":{}}]},"101":{"loc":{"start":{"line":627,"column":8},"end":{"line":627,"column":47}},"type":"binary-expr","locations":[{"start":{"line":627,"column":8},"end":{"line":627,"column":16}},{"start":{"line":627,"column":20},"end":{"line":627,"column":47}}]},"102":{"loc":{"start":{"line":632,"column":4},"end":{"line":635,"column":5}},"type":"if","locations":[{"start":{"line":632,"column":4},"end":{"line":635,"column":5}},{"start":{},"end":{}}]
[...]
,"B:\\Sanatory_CRM\\server\\src\\routes\\dashboard.routes.ts": {"path":"B:\\Sanatory_CRM\\server\\src\\routes\\dashboard.routes.ts","statementMap":{"0":{"start":{"line":1,"column":0},"end":{"line":1,"column":33}},"1":{"start":{"line":2,"column":0},"end":{"line":2,"column":108}},"2":{"start":{"line":3,"column":0},"end":{"line":3,"column":72}},"3":{"start":{"line":5,"column":15},"end":{"line":5,"column":23}},"4":{"start":{"line":7,"column":0},"end":{"line":7,"column":25}},"5":{"start":{"line":9,"column":0},"end":{"line":9,"column":73}},"6":{"start":{"line":10,"column":0},"end":{"line":10,"column":66}},"7":{"start":{"line":11,"column":0},"end":{"line":11,"column":64}},"8":{"start":{"line":13,"column":0},"end":{"line":13,"column":22}}},"fnMap":{},"branchMap":{},"s":{"0":2,"1":2,"2":2,"3":2,"4":2,"5":2,"6":2,"7":2,"8":2},"f":{},"b":{}}
,"B:\\Sanatory_CRM\\server\\src\\routes\\report.routes.ts": {"path":"B:\\Sanatory_CRM\\server\\src\\routes\\report.routes.ts","statementMap":{"0":{"start":{"line":1,"column":0},"end":{"line":1,"column":30}},"1":{"start":{"line":2,"column":0},"end":{"line":2,"column":140}},"2":{"start":{"line":3,"column":0},"end":{"line":3,"column":72}},"3":{"start":{"line":5,"column":15},"end":{"line":5,"column":31}},"4":{"start":{"line":7,"column":0},"end":{"line":8,"column":37}},"5":{"start":{"line":10,"column":0},"end":{"line":12,"column":36}},"6":{"start":{"line":14,"column":0},"end":{"line":15,"column":63}},"7":{"start":{"line":17,"column":0},"end":{"line":19,"column":38}},"8":{"start":{"line":21,"column":0},"end":{"line":21,"column":22}}},"fnMap":{},"branchMap":{},"s":{"0":2,"1":2,"2":2,"3":2,"4":2,"5":2,"6":2,"7":2,"8":2},"f":{},"b":{}}
,"B:\\Sanatory_CRM\\server\\src\\routes\\room.routes.ts": {"path":"B:\\Sanatory_CRM\\server\\src\\routes\\room.routes.ts","statementMap":{"0":{"start":{"line":1,"column":0},"end":{"line":1,"column":33}},"1":{"start":{"line":2,"column":0},"end":{"line":2,"column":128}},"2":{"start":{"line":3,"column":0},"end":{"line":3,"column":72}},"3":{"start":{"line":5,"column":15},"end":{"line":5,"column":23}},"4":{"start":{"line":7,"column":0},"end":{"line":7,"column":25}},"5":{"start":{"line":9,"column":0},"end":{"line":9,"column":29}},"6":{"start":{"line":10,"column":0},"end":{"line":10,"column":32}},"7":{"start":{"line":11,"column":0},"end":{"line":11,"column":49}},"8":{"start":{"line":12,"column":0},"end":{"line":12,"column":51}},"9":{"start":{"line":13,"column":0},"end":{"line":13,"column":46}},"10":{"start":{"line":14,"column":0},"end":{"line":14,"column":54}},"11":{"start":{"line":16,"column":0},"end":{"line":16,"column":22}}},"fnMap":{},"branchMap":{},"s":{"0":2,"1":2,"2":2,"3":2,"4":2,"5":2,"6":2,"7":2,"8":2,"9":2,"10":2,"11":2},"f":{},"b":{}}
,"B:\\Sanatory_CRM\\server\\src\\routes\\staff.routes.ts": {"path":"B:\\Sanatory_CRM\\server\\src\\routes\\staff.routes.ts","statementMap":{"0":{"start":{"line":1,"column":0},"end":{"line":1,"column":33}},"1":{"start":{"line":2,"column":0},"end":{"line":2,"column":127}},"2":{"start":{"line":3,"column":0},"end":{"line":3,"column":72}},"3":{"start":{"line":5,"column":15},"end":{"line":5,"column":23}},"4":{"start":{"line":7,"column":0},"end":{"line":7,"column":25}},"5":{"start":{"line":8,"column":0},"end":{"line":8,"column":31}},"6":{"start":{"line":10,"column":0},"end":{"line":10,"column":29}},"7":{"start":{"line":11,"column":0},"end":{"line":11,"column":32}},"8":{"start":{"line":12,"column":0},"end":{"line":12,"column":30}},"9":{"start":{"line":13,"column":0},"end":{"line":13,"column":32}},"10":{"start":{"line":14,"column":0},"end":{"line":14,"column":35}},"11":{"start":{"line":15,"column":0},"end":{"line":15,"column":38}},"12":{"start":{"line":17,"column":0},"end":{"line":17,"column":22}}},"fnMap":{},"branchMap":{},"s":{"0":2,"1":2,"2":2,"3":2,"4":2,"5":2,"6":2,"7":2,"8":2,"9":2,"10":2,"11":2,"12":2},"f":{},"b":{}}
,"B:\\Sanatory_CRM\\server\\src\\routes\\transaction.routes.ts": {"path":"B:\\Sanatory_CRM\\server\\src\\routes\\transaction.routes.ts","statementMap":{"0":{"start":{"line":1,"column":0},"end":{"line":1,"column":33}},"1":{"start":{"line":2,"column":0},"end":{"line":2,"column":155}},"2":{"start":{"line":3,"column":0},"end":{"line":3,"column":72}},"3":{"start":{"line":5,"column":15},"end":{"line":5,"column":23}},"4":{"start":{"line":7,"column":0},"end":{"line":7,"column":25}},"5":{"start":{"line":8,"column":0},"end":{"line":8,"column":31}},"6":{"start":{"line":10,"column":0},"end":{"line":10,"column":36}},"7":{"start":{"line":11,"column":0},"end":{"line":11,"column":46}},"8":{"start":{"line":12,"column":0},"end":{"line":12,"column":36}},"9":{"start":{"line":13,"column":0},"end":{"line":13,"column":41}},"10":{"start":{"line":14,"column":0},"end":{"line":14,"column":38}},"11":{"start":{"line":16,"column":0},"end":{"line":16,"column":22}}},"fnMap":{},"branchMap":{},"s":{"0":2,"1":2,"2":2,"3":2,"4":2,"5":2,"6":2,"7":2,"8":2,"9":2,"10":2,"11":2},"f":{},"b":{}}
,"B:\\Sanatory_CRM\\server\\src\\routes\\upload.routes.ts": {"path":"B:\\Sanatory_CRM\\server\\src\\routes\\upload.routes.ts","statementMap":{"0":{"start":{"line":1,"column":0},"end":{"line":1,"column":33}},"1":{"start":{"line":2,"column":0},"end":{"line":2,"column":82}},"2":{"start":{"line":3,"column":0},"end":{"line":3,"column":61}},"3":{"start":{"line":4,"column":0},"end":{"line":4,"column":57}},"4":{"start":{"line":6,"column":15},"end":{"line":6,"column":23}},"5":{"start":{"line":8,"column":0},"end":{"line":8,"column":25}},"6":{"start":{"line":10,"column":0},"end":{"line":10,"column":59}},"7":{"start":{"line":11,"column":0},"end":{"line":11,"column":42}},"8":{"start":{"line":13,"column":0},"end":{"line":13,"column":22}}},"fnMap":{},"branchMap":{},"s":{"0":2,"1":2,"2":2,"3":2,"4":2,"5":2,"6":2,"7":2,"8":2},"f":{},"b":{}}
,"B:\\Sanatory_CRM\\server\\src\\services\\cloudinary.service.ts": {"path":"B:\\Sanatory_CRM\\server\\src\\services\\cloudinary.service.ts","statementMap":{"0":{"start":{"line":1,"column":0},"end":{"line":1,"column":46}},"1":{"start":{"line":2,"column":0},"end":{"line":2,"column":20}},"2":{"start":{"line":3,"column":0},"end":{"line":3,"column":24}},"3":{"start":{"line":6,"column":0},"end":{"line":12,"column":1}},"4":{"start":{"line":7,"column":2},"end":{"line":11,"column":5}},"5":{"start":{"line":14,"column":34},"end":{"line":35,"column":1}},"6":{"start":{"line":16,"column":2},"end":{"line":30,"column":3}},"7":{"start":{"line":17,"column":4},"end":{"line":29,"column":5}},"8":{"start":{"line":18,"column":21},"end":{"line":22,"column":8}},"9":{"start":{"line":24,"column":6},"end":{"line":24,"column":30}},"10":{"start":{"line":25,"column":6},"end":{"line":25,"column":31}},"11":{"start":{"line":27,"column":6},"end":{"line":27,"column":56}},"12":{"start":{"line":28,"column":6},"end":{"line":28,"column":18}},"13":{"start":{"line":33,"column":19},"end":{"line":33,"column":42}},"14":{"start":{"line":34,"column":2},"end":{"line":34,"column":32}},"15":{"start":{"line":14,"column":13},"end":{"line":14,"column":34}},"16":{"start":{"line":37,"column":40},"end":{"line":63,"column":1}},"17":{"start":{"line":38,"column":2},"end":{"line":50,"column":3}},"18":{"start":{"line":39,"column":4},"end":{"line":49,"column":5}},"19":{"start":{"line":40,"column":21},"end":{"line":44,"column":8}},"20":{"start":{"line":45,"column":6},"end":{"line":45,"column":31}},"21":{"start":{"line":47,"column":6},"end":{"line":47,"column":63}},"22":{"start":{"line":48,"column":6},"end":{"line":48,"column":18}},"23":{"start":{"line":53,"column":21},"end":{"line":53,"column":58}},"24":{"start":{"line":54,"column":2},"end":{"line":54,"column":80}},"25":{"start":{"line":54,"column":34},"end":{"line":54,"column":80}},"26":{"start":{"line":56,"column":19},"end":{"line":56,"column":45}},"27":{"start":{"line":57,"column":19},"end":{"line":57,"column":50}},"28":{"start":{"line":59,"column":22},"end":{"line":59,"column":72}},"29":{"start":{"line":60,"column":2},"end":{"line":60,"column":65}},"30":{"start":{"line":62,"column":2},"end":{"line":62,"column":32}},"31":{"start":{"line":37,"column":13},"end":{"line":37,"column":40}}},"fnMap":{"0":{"name":"(anonymous_1)","decl":{"start":{"line":14,"column":34},"end":{"line":14,"column":39}},"loc":{"start":{"line":14,"column":111},"end":{"line":35,"column":1}}},"1":{"name":"(anonymous_2)","decl":{"start":{"line":37,"column":40},"end":{"line":37,"column":45}},"loc":{"start":{"line":37,"column":119},"end":{"line":63,"column":1}}}},"branchMap":{"0":{"loc":{"start":{"line":6,"column":0},"end":{"line":12,"column":1}},"type":"if","locations":[{"start":{"line":6,"column":0},"end":{"line":12,"column":1}},{"start":{},"end":{}}]},"1":{"loc":{"start":{"line":14,"column":59},"end":{"line":14,"column":90}},"type":"default-arg","locations":[{"start":{"line":14,"column":76},"end":{"line":14,"column":90}}]},"2":{"loc":{"start":{"line":16,"column":2},"end":{"line":30,"column":3}},"type":"if","locations":[{"start":{"line":16,"column":2},"end":{"line":30,"column":3}},{"start":{},"end":{}}]},"3":{"loc":{"start":{"line":37,"column":67},"end":{"line":37,"column":98}},"type":"default-arg","locations":[{"start":{"line":37,"column":84},"end":{"line":37,"column":98}}]},"4":{"loc":{"start":{"line":38,"column":2},"end":{"line":50,"column":3}},"type":"if","locations":[{"start":{"line":38,"column":2},"end":{"line":50,"column":3}},{"start":{},"end":{}}]},"5":{"loc":{"start":{"line":54,"column":2},"end":{"line":54,"column":80}},"type":"if","locations":[{"start":{"line":54,"column":2},"end":{"line":54,"column":80}},{"start":{},"end":{}}]}},"s":{"0":2,"1":2,"2":2,"3":2,"4":0,"5":2,"6":0,"7":0,"8":0,"9":0,"10":0,"11":0,"12":0,"13":0,"14":0,"15":2,"16":2,"17":0,"18":0,"19":0,"20":0,"21":0,"22":0,"23":0,"24":0,"25":0,"26":0,"27":0,"28":0,"29":0,"30":0,"31":2},"f":{"0":0,"1":0},"b":{"0":[0,2],"1":[0],"2":[0,0],"3":[0],"4":[0,0],"5":[0,0]}}
,"B:\\Sanatory_CRM\\server\\src\\services\\overtime.service.ts": {"path":"B:\\Sanatory_CRM\\server\\src\\services\\overtime.service.ts","statementMap":{"0":{"start":{"line":16,"column":33},"end":{"line":42,"column":1}},"1":{"start":{"line":21,"column":28},"end":{"line":21,"column":50}},"2":{"start":{"line":22,"column":2},"end":{"line":22,"column":42}},"3":{"start":{"line":24,"column":17},"end":{"line":24,"column":75}},"4":{"start":{"line":26,"column":2},"end":{"line":28,"column":3}},"5":{"start":{"line":27,"column":4},"end":{"line":27,"column":70}},"6":{"start":{"line":30,"column":24},"end":{"line":30,"column":60}},"7":{"start":{"line":33,"column":2},"end":{"line":39,"column":3}},"8":{"start":{"line":35,"column":4},"end":{"line":35,"column":35}},"9":{"start":{"line":38,"column":4},"end":{"line":38,"column":69}},"10":{"start":{"line":41,"column":2},"end":{"line":41,"column":61}},"11":{"start":{"line":16,"column":13},"end":{"line":16,"column":33}}},"fnMap":{"0":{"name":"(anonymous_0)","decl":{"start":{"line":16,"column":33},"end":{"line":16,"column":null}},"loc":{"start":{"line":20,"column":20},"end":{"line":42,"column":1}}}},"branchMap":{"0":{"loc":{"start":{"line":26,"column":2},"end":{"line":28,"column":3}},"type":"if","locations":[{"start":{"line":26,"column":2},"end":{"line":28,"column":3}},{"start":{},"end":{}}]},"1":{"loc":{"start":{"line":33,"column":2},"end":{"line":39,"column":3}},"type":"if","locations":[{"start":{"line":33,"column":2},"end":{"line":39,"column":3}},{"start":{"line":36,"column":9},"end":{"line":39,"column":3}}]}},"s":{"0":2,"1":0,"2":0,"3":0,"4":0,"5":0,"6":0,"7":0,"8":0,"9":0,"10":0,"11":2},"f":{"0":0},"b":{"0":[0,0],"1":[0,0]}}
,"B:\\Sanatory_CRM\\server\\src\\socket\\index.ts": {"path":"B:\\Sanatory_CRM\\server\\src\\socket\\index.ts","statementMap":{"0":{"start":{"line":2,"column":0},"end":{"line":2,"column":31}},"1":{"start":{"line":5,"column":13},"end":{"line":5,"column":58}},"2":{"start":{"line":7,"column":27},"end":{"line":54,"column":1}},"3":{"start":{"line":9,"column":2},"end":{"line":22,"column":5}},"4":{"start":{"line":10,"column":18},"end":{"line":10,"column":45}},"5":{"start":{"line":11,"column":4},"end":{"line":13,"column":5}},"6":{"start":{"line":12,"column":6},"end":{"line":12,"column":64}},"7":{"start":{"line":15,"column":4},"end":{"line":21,"column":5}},"8":{"start":{"line":16,"column":22},"end":{"line":16,"column":97}},"9":{"start":{"line":17,"column":7},"end":{"line":17,"column":46}},"10":{"start":{"line":18,"column":6},"end":{"line":18,"column":13}},"11":{"start":{"line":20,"column":6},"end":{"line":20,"column":40}},"12":{"start":{"line":24,"column":2},"end":{"line":53,"column":5}},"13":{"start":{"line":25,"column":27},"end":{"line":25,"column":40}},"14":{"start":{"line":26,"column":4},"end":{"line":26,"column":68}},"15":{"start":{"line":29,"column":4},"end":{"line":29,"column":34}},"16":{"start":{"line":32,"column":4},"end":{"line":34,"column":5}},"17":{"start":{"line":33,"column":6},"end":{"line":33,"column":41}},"18":{"start":{"line":35,"column":4},"end":{"line":35,"column":44}},"19":{"start":{"line":38,"column":4},"end":{"line":40,"column":7}},"20":{"start":{"line":39,"column":6},"end":{"line":39,"column":42}},"21":{"start":{"line":43,"column":4},"end":{"line":52,"column":7}},"22":{"start":{"line":44,"column":6},"end":{"line":44,"column":70}},"23":{"start":{"line":45,"column":22},"end":{"line":45,"column":45}},"24":{"start":{"line":46,"column":6},"end":{"line":51,"column":7}},"25":{"start":{"line":47,"column":8},"end":{"line":47,"column":34}},"26":{"start":{"line":48,"column":8},"end":{"line":50,"column":9}},"27":{"start":{"line":49,"column":10},"end":{"line":49,"column":37}},"28":{"start":{"line":7,"column":13},"end":{"line":7,"column":27}}},"fnMap":{"0":{"name":"(anonymous_1)","decl":{"start":{"line":7,"column":27},"end":{"line":7,"column":28}},"loc":{"start":{"line":7,"column":48},"end":{"line":54,"column":1}}},"1":{"name":"(anonymous_2)","decl":{"start":{"line":9,"column":9},"end":{"line":9,"column":10}},"loc":{"start":{"line":9,"column":36},"end":{"line":22,"column":3}}},"2":{"name":"(anonymous_3)","decl":{"start":{"line":24,"column":22},"end":{"line":24,"column":23}},"loc":{"start":{"line":24,"column":38},"end":{"line":53,"column":3}}},"3":{"name":"(anonymous_4)","decl":{"start":{"line":38,"column":36},"end":{"line":38,"column":41}},"loc":{"start":{"line":38,"column":56},"end":{"line":40,"column":5}}},"4":{"name":"(anonymous_5)","decl":{"start":{"line":43,"column":28},"end":{"line":43,"column":31}},"loc":{"start":{"line":43,"column":33},"end":{"line":52,"column":5}}}},"branchMap":{"0":{"loc":{"start":{"line":11,"column":4},"end":{"line":13,"column":5}},"type":"if","locations":[{"start":{"line":11,"column":4},"end":{"line":13,"column":5}},{"start":{},"end":{}}]},"1":{"loc":{"start":{"line":16,"column":40},"end":{"line":16,"column":74}},"type":"binary-expr","locations":[{"start":{"line":16,"column":40},"end":{"line":16,"column":62}},{"start":{"line":16,"column":66},"end":{"line":16,"column":74}}]},"2":{"loc":{"start":{"line":32,"column":4},"end":{"line":34,"column":5}},"type":"if","locations":[{"start":{"line":32,"column":4},"end":{"line":34,"column":5}},{"start":{},"end":{}}]},"3":{"loc":{"start":{"line":46,"column":6},"end":{"line":51,"column":7}},"type":"if","locations":[{"start":{"line":46,"column":6},"end":{"line":51,"column":7}},{"start":{},"end":{}}]},"4":{"loc":{"start":{"line":48,"column":8},"end":{"line":50,"column":9}},"type":"if","locations":[{"start":{"line":48,"column":8},"end":{"line":50,"column":9}},{"start":{},"end":{}}]}},"s":{"0":2,"1":2,"2":2,"3":2,"4":0,"5":0,"6":0,"7":0,"8":0,"9":0,"10":0,"11":0,"12":2,"13":0,"14":0,"15":0,"16":0,"17":0,"18":0,"19":0,"20":0,"21":0,"22":0,"23":0,"24":0,"25":0,"26":0,"27":0,"28":2},"f":{"0":2,"1":0,"2":0,"3":0,"4":0},"b":{"0":[0,0],"1":[0,0],"2":[0,0],"3":[0,0],"4":[0,0]}}
,"B:\\Sanatory_CRM\\server\\src\\test\\setup.ts": {"path":"B:\\Sanatory_CRM\\server\\src\\test\\setup.ts","statementMap":{"0":{"start":{"line":1,"column":0},"end":{"line":1,"column":32}},"1":{"start":{"line":3,"column":25},"end":{"line":6,"column":1}},"2":{"start":{"line":4,"column":14},"end":{"line":4,"column":88}},"3":{"start":{"line":5,"column":2},"end":{"line":5,"column":30}},"4":{"start":{"line":3,"column":13},"end":{"line":3,"column":25}},"5":{"start":{"line":8,"column":23},"end":{"line":13,"column":1}},"6":{"start":{"line":9,"column":2},"end":{"line":12,"column":3}},"7":{"start":{"line":10,"column":4},"end":{"line":10,"column":45}},"8":{"start":{"line":11,"column":4},"end":{"line":11,"column":38}},"9":{"start":{"line":8,"column":13},"end":{"line":8,"column":23}},"10":{"start":{"line":15,"column":23},"end":{"line":23,"column":1}},"11":{"start":{"line":16,"column":2},"end":{"line":22,"column":3}},"12":{"start":{"line":17,"column":24},"end":{"line":17,"column":55}},"13":{"start":{"line":18,"column":4},"end":{"line":21,"column":5}},"14":{"start":{"line":19,"column":25},"end":{"line":19,"column":41}},"15":{"start":{"line":20,"column":6},"end":{"line":20,"column":38}},"16":{"start":{"line":15,"column":13},"end":{"line":15,"column":23}}},"fnMap":{"0":{"name":"(anonymous_1)","decl":{"start":{"line":3,"column":25},"end":{"line":3,"column":30}},"loc":{"start":{"line":3,"column":36},"end":{"line":6,"column":1}}},"1":{"name":"(anonymous_2)","decl":{"start":{"line":8,"column":23},"end":{"line":8,"column":28}},"loc":{"start":{"line":8,"column":34},"end":{"line":13,"column":1}}},"2":{"name":"(anonymous_3)","decl":{"start":{"line":15,"column":23},"end":{"line":15,"column":28}},"loc":{"start":{"line":15,"column":34},"end":{"line":23,"column":1}}}},"branchMap":{"0":{"loc":{"start":{"line":4,"column":14},"end":{"line":4,"column":88}},"type":"binary-expr","locations":[{"start":{"line":4,"column":14},"end":{"line":4,"column":40}},{"start":{"line":4,"column":44},"end":{"line":4,"column":88}}]},"1":{"loc":{"start":{"line":9,"column":2},"end":{"line":12,"column":3}},"type":"if","locations":[{"start":{"line":9,"column":2},"end":{"line":12,"column":3}},{"start":{},"end":{}}]},"2":{"loc":{"start":{"line":16,"column":2},"end":{"line":22,"column":3}},"type":"if","locations":[{"start":{"line":16,"column":2},"end":{"line":22,"column":3}},{"start":{},"end":{}}]}},"s":{"0":2,"1":2,"2":2,"3":2,"4":2,"5":2,"6":2,"7":2,"8":2,"9":2,"10":2,"11":6,"12":6,"13":6,"14":42,"15":42,"16":2},"f":{"0":2,"1":2,"2":6},"b":{"0":[2,2],"1":[2,0],"2":[6,0]}}
,"B:\\Sanatory_CRM\\server\\src\\utils\\helpers.ts": {"path":"B:\\Sanatory_CRM\\server\\src\\utils\\helpers.ts","statementMap":{"0":{"start":{"line":1,"column":0},"end":{"line":1,"column":48}},"1":{"start":{"line":4,"column":27},"end":{"line":23,"column":1}},"2":{"start":{"line":11,"column":2},"end":{"line":22,"column":3}},"3":{"start":{"line":12,"column":4},"end":{"line":19,"column":7}},"4":{"start":{"line":21,"column":4},"end":{"line":21,"column":49}},"5":{"start":{"line":4,"column":13},"end":{"line":4,"column":27}}},"fnMap":{"0":{"name":"(anonymous_1)","decl":{"start":{"line":4,"column":27},"end":{"line":4,"column":32}},"loc":{"start":{"line":10,"column":19},"end":{"line":23,"column":1}}}},"branchMap":{"0":{"loc":{"start":{"line":17,"column":16},"end":{"line":17,"column":37}},"type":"binary-expr","locations":[{"start":{"line":17,"column":16},"end":{"line":17,"column":24}},{"start":{"line":17,"column":28},"end":{"line":17,"column":37}}]}},"s":{"0":2,"1":2,"2":1,"3":1,"4":0,"5":2},"f":{"0":1},"b":{"0":[1,0]}}
}
