TN:
SF:src\app.ts
FN:62,(anonymous_1)
FN:67,(anonymous_2)
FN:78,(anonymous_3)
FN:80,(anonymous_4)
FNF:4
FNH:0
FNDA:0,(anonymous_1)
FNDA:0,(anonymous_2)
FNDA:0,(anonymous_3)
FNDA:0,(anonymous_4)
DA:1,2
DA:2,2
DA:3,2
DA:4,2
DA:5,2
DA:6,2
DA:8,2
DA:9,2
DA:12,2
DA:13,2
DA:14,2
DA:15,2
DA:16,2
DA:17,2
DA:18,2
DA:19,2
DA:20,2
DA:22,2
DA:24,2
DA:25,2
DA:28,2
DA:36,2
DA:37,2
DA:40,2
DA:44,2
DA:45,2
DA:48,2
DA:51,2
DA:52,2
DA:53,2
DA:54,2
DA:55,2
DA:56,2
DA:57,2
DA:58,2
DA:59,2
DA:62,2
DA:63,0
DA:67,2
DA:68,0
DA:69,0
DA:74,2
DA:76,2
DA:78,2
DA:79,0
DA:80,0
DA:81,0
DA:82,0
DA:83,0
DA:84,0
DA:85,0
DA:89,2
DA:90,0
LF:53
LH:42
BRDA:30,0,0,2
BRDA:30,0,1,0
BRDA:41,1,0,2
BRDA:41,1,1,0
BRDA:69,2,0,0
BRDA:69,2,1,0
BRDA:70,3,0,0
BRDA:70,3,1,0
BRDA:76,4,0,2
BRDA:76,4,1,0
BRDA:89,5,0,0
BRDA:89,5,1,2
BRF:12
BRH:4
end_of_record
TN:
SF:src\config\db.ts
FN:6,(anonymous_1)
FNF:1
FNH:0
FNDA:0,(anonymous_1)
DA:1,2
DA:2,2
DA:4,2
DA:6,2
DA:7,0
DA:8,0
DA:9,0
DA:10,0
DA:12,0
DA:13,0
DA:17,2
LF:11
LH:5
BRDA:8,0,0,0
BRDA:8,0,1,0
BRF:2
BRH:0
end_of_record
TN:
SF:src\controllers\auth.controller.ts
FN:7,(anonymous_1)
FN:21,(anonymous_2)
FN:68,(anonymous_3)
FN:95,(anonymous_4)
FN:107,(anonymous_5)
FNF:5
FNH:0
FNDA:0,(anonymous_1)
FNDA:0,(anonymous_2)
FNDA:0,(anonymous_3)
FNDA:0,(anonymous_4)
FNDA:0,(anonymous_5)
DA:2,2
DA:3,2
DA:5,2
DA:7,2
DA:8,0
DA:13,0
DA:18,0
DA:21,2
DA:22,0
DA:23,0
DA:25,0
DA:26,0
DA:27,0
DA:30,0
DA:31,0
DA:32,0
DA:33,0
DA:36,0
DA:37,0
DA:38,0
DA:41,0
DA:42,0
DA:43,0
DA:44,0
DA:47,0
DA:49,0
DA:51,0
DA:63,0
DA:64,0
DA:68,2
DA:69,0
DA:70,0
DA:72,0
DA:73,0
DA:74,0
DA:77,0
DA:82,0
DA:83,0
DA:84,0
DA:85,0
DA:88,0
DA:89,0
DA:91,0
DA:95,2
DA:96,0
DA:97,0
DA:98,0
DA:99,0
DA:101,0
DA:103,0
DA:107,2
DA:108,0
DA:109,0
DA:110,0
DA:111,0
DA:112,0
DA:115,0
DA:116,0
DA:118,0
DA:119,0
DA:120,0
DA:123,0
DA:124,0
DA:125,0
DA:126,0
DA:127,0
DA:129,0
DA:132,0
DA:133,0
DA:135,0
DA:136,0
DA:139,0
DA:140,0
DA:142,0
DA:153,0
DA:154,0
LF:76
LH:8
BRDA:10,0,0,0
BRDA:10,0,1,0
BRDA:11,1,0,0
BRDA:11,1,1,0
BRDA:15,2,0,0
BRDA:15,2,1,0
BRDA:16,3,0,0
BRDA:16,3,1,0
BRDA:25,4,0,0
BRDA:25,4,1,0
BRDA:25,5,0,0
BRDA:25,5,1,0
BRDA:31,6,0,0
BRDA:31,6,1,0
BRDA:36,7,0,0
BRDA:36,7,1,0
BRDA:42,8,0,0
BRDA:42,8,1,0
BRDA:72,9,0,0
BRDA:72,9,1,0
BRDA:79,10,0,0
BRDA:79,10,1,0
BRDA:83,11,0,0
BRDA:83,11,1,0
BRDA:83,12,0,0
BRDA:83,12,1,0
BRDA:97,13,0,0
BRDA:97,13,1,0
BRDA:110,14,0,0
BRDA:110,14,1,0
BRDA:118,15,0,0
BRDA:118,15,1,0
BRDA:123,16,0,0
BRDA:123,16,1,0
BRDA:123,17,0,0
BRDA:123,17,1,0
BRDA:125,18,0,0
BRDA:125,18,1,0
BRDA:132,19,0,0
BRDA:132,19,1,0
BRDA:133,20,0,0
BRDA:133,20,1,0
BRDA:135,21,0,0
BRDA:135,21,1,0
BRF:44
BRH:0
end_of_record
TN:
SF:src\controllers\booking.controller.ts
FN:9,(anonymous_1)
FN:145,(anonymous_2)
FN:178,(anonymous_3)
FN:240,(anonymous_4)
FN:262,(anonymous_5)
FN:275,(anonymous_6)
FN:292,(anonymous_7)
FN:329,(anonymous_8)
FN:370,(anonymous_9)
FN:411,(anonymous_10)
FN:443,(anonymous_11)
FN:493,(anonymous_12)
FN:559,(anonymous_13)
FN:623,(anonymous_14)
FN:688,(anonymous_15)
FN:770,(anonymous_16)
FN:789,(anonymous_17)
FN:791,(anonymous_18)
FN:796,(anonymous_19)
FN:801,(anonymous_20)
FNF:20
FNH:1
FNDA:2,(anonymous_1)
FNDA:0,(anonymous_2)
FNDA:0,(anonymous_3)
FNDA:0,(anonymous_4)
FNDA:0,(anonymous_5)
FNDA:0,(anonymous_6)
FNDA:0,(anonymous_7)
FNDA:0,(anonymous_8)
FNDA:0,(anonymous_9)
FNDA:0,(anonymous_10)
FNDA:0,(anonymous_11)
FNDA:0,(anonymous_12)
FNDA:0,(anonymous_13)
FNDA:0,(anonymous_14)
FNDA:0,(anonymous_15)
FNDA:0,(anonymous_16)
FNDA:0,(anonymous_17)
FNDA:0,(anonymous_18)
FNDA:0,(anonymous_19)
FNDA:0,(anonymous_20)
DA:2,2
DA:3,2
DA:4,2
DA:6,2
DA:7,2
DA:9,2
DA:10,2
DA:11,2
DA:14,2
DA:15,2
DA:16,2
DA:17,2
DA:19,0
DA:20,0
DA:21,0
DA:25,0
DA:26,0
DA:27,0
DA:28,0
DA:32,0
DA:33,0
DA:36,0
DA:37,0
DA:38,0
DA:40,0
DA:41,0
DA:42,0
DA:44,0
DA:46,0
DA:47,0
DA:49,0
DA:51,0
DA:52,0
DA:53,0
DA:56,0
DA:76,0
DA:77,0
DA:78,0
DA:79,0
DA:80,0
DA:94,0
DA:95,0
DA:96,0
DA:99,0
DA:100,0
DA:112,0
DA:121,0
DA:122,0
DA:123,0
DA:127,0
DA:128,0
DA:131,0
DA:135,0
DA:140,0
DA:141,0
DA:145,2
DA:146,0
DA:147,0
DA:149,0
DA:150,0
DA:151,0
DA:152,0
DA:154,0
DA:155,0
DA:156,0
DA:159,0
DA:160,0
DA:161,0
DA:162,0
DA:165,0
DA:166,0
DA:169,0
DA:170,0
DA:173,0
DA:174,0
DA:178,0
DA:180,0
DA:181,0
DA:182,0
DA:183,0
DA:186,0
DA:187,0
DA:188,0
DA:189,0
DA:192,0
DA:193,0
DA:196,0
DA:197,0
DA:198,0
DA:201,0
DA:202,0
DA:203,0
DA:214,0
DA:222,0
DA:223,0
DA:224,0
DA:225,0
DA:226,0
DA:229,0
DA:235,0
DA:236,0
DA:240,2
DA:241,0
DA:242,0
DA:243,0
DA:244,0
DA:246,0
DA:247,0
DA:254,0
DA:256,0
DA:258,0
DA:262,2
DA:263,0
DA:264,0
DA:269,0
DA:271,0
DA:275,2
DA:276,0
DA:277,0
DA:281,0
DA:282,0
DA:283,0
DA:286,0
DA:288,0
DA:292,2
DA:293,0
DA:294,0
DA:295,0
DA:296,0
DA:297,0
DA:298,0
DA:301,0
DA:302,0
DA:303,0
DA:305,0
DA:307,0
DA:309,0
DA:320,0
DA:321,0
DA:323,0
DA:325,0
DA:329,2
DA:330,0
DA:331,0
DA:332,0
DA:334,0
DA:335,0
DA:336,0
DA:337,0
DA:340,0
DA:342,0
DA:343,0
DA:344,0
DA:347,0
DA:348,0
DA:349,0
DA:350,0
DA:351,0
DA:352,0
DA:353,0
DA:354,0
DA:357,0
DA:358,0
DA:359,0
DA:360,0
DA:361,0
DA:362,0
DA:363,0
DA:366,0
DA:367,0
DA:368,0
DA:369,0
DA:370,0
DA:371,0
DA:374,0
DA:375,0
DA:376,0
DA:378,0
DA:379,0
DA:392,0
DA:393,0
DA:394,0
DA:395,0
DA:397,0
DA:400,0
DA:402,0
DA:403,0
DA:405,0
DA:407,0
DA:411,2
DA:412,0
DA:413,0
DA:414,0
DA:415,0
DA:416,0
DA:417,0
DA:420,0
DA:421,0
DA:422,0
DA:423,0
DA:424,0
DA:425,0
DA:426,0
DA:427,0
DA:431,0
DA:432,0
DA:434,0
DA:435,0
DA:437,0
DA:439,0
DA:443,2
DA:444,0
DA:445,0
DA:446,0
DA:447,0
DA:448,0
DA:451,0
DA:452,0
DA:453,0
DA:454,0
DA:457,0
DA:458,0
DA:460,0
DA:461,0
DA:462,0
DA:464,0
DA:465,0
DA:467,0
DA:468,0
DA:470,0
DA:471,0
DA:472,0
DA:474,0
DA:475,0
DA:476,0
DA:478,0
DA:480,0
DA:481,0
DA:482,0
DA:483,0
DA:484,0
DA:487,0
DA:489,0
DA:493,2
DA:494,0
DA:495,0
DA:496,0
DA:497,0
DA:498,0
DA:499,0
DA:502,0
DA:503,0
DA:504,0
DA:505,0
DA:508,0
DA:509,0
DA:510,0
DA:511,0
DA:512,0
DA:514,0
DA:515,0
DA:516,0
DA:517,0
DA:519,0
DA:520,0
DA:521,0
DA:522,0
DA:523,0
DA:524,0
DA:526,0
DA:527,0
DA:529,0
DA:530,0
DA:531,0
DA:532,0
DA:534,0
DA:537,0
DA:538,0
DA:540,0
DA:541,0
DA:542,0
DA:544,0
DA:546,0
DA:547,0
DA:548,0
DA:549,0
DA:550,0
DA:553,0
DA:555,0
DA:559,2
DA:560,0
DA:561,0
DA:562,0
DA:564,0
DA:565,0
DA:566,0
DA:569,0
DA:570,0
DA:571,0
DA:574,0
DA:575,0
DA:576,0
DA:577,0
DA:578,0
DA:579,0
DA:580,0
DA:583,0
DA:584,0
DA:586,0
DA:587,0
DA:588,0
DA:590,0
DA:591,0
DA:592,0
DA:595,0
DA:596,0
DA:598,0
DA:599,0
DA:600,0
DA:601,0
DA:602,0
DA:603,0
DA:605,0
DA:607,0
DA:609,0
DA:611,0
DA:612,0
DA:613,0
DA:614,0
DA:617,0
DA:619,0
DA:623,2
DA:624,0
DA:625,0
DA:627,0
DA:628,0
DA:629,0
DA:632,0
DA:633,0
DA:634,0
DA:637,0
DA:638,0
DA:639,0
DA:640,0
DA:641,0
DA:642,0
DA:643,0
DA:646,0
DA:647,0
DA:649,0
DA:650,0
DA:652,0
DA:653,0
DA:654,0
DA:657,0
DA:660,0
DA:661,0
DA:663,0
DA:664,0
DA:665,0
DA:666,0
DA:667,0
DA:668,0
DA:670,0
DA:672,0
DA:674,0
DA:676,0
DA:677,0
DA:678,0
DA:679,0
DA:682,0
DA:684,0
DA:688,2
DA:689,0
DA:690,0
DA:692,0
DA:693,0
DA:694,0
DA:697,0
DA:698,0
DA:699,0
DA:700,0
DA:701,0
DA:702,0
DA:703,0
DA:706,0
DA:707,0
DA:709,0
DA:710,0
DA:711,0
DA:712,0
DA:714,0
DA:715,0
DA:716,0
DA:719,0
DA:720,0
DA:723,0
DA:724,0
DA:725,0
DA:726,0
DA:727,0
DA:728,0
DA:729,0
DA:730,0
DA:731,0
DA:732,0
DA:734,0
DA:735,0
DA:736,0
DA:737,0
DA:739,0
DA:740,0
DA:742,0
DA:743,0
DA:744,0
DA:747,0
DA:748,0
DA:749,0
DA:750,0
DA:751,0
DA:752,0
DA:754,0
DA:756,0
DA:758,0
DA:759,0
DA:760,0
DA:761,0
DA:764,0
DA:766,0
DA:770,2
DA:771,0
DA:772,0
DA:773,0
DA:778,0
DA:779,0
DA:780,0
DA:784,0
DA:785,0
DA:788,0
DA:789,0
DA:790,0
DA:791,0
DA:792,0
DA:793,0
DA:796,0
DA:797,0
DA:801,0
DA:803,0
DA:814,0
LF:449
LH:25
BRDA:15,0,0,2
BRDA:15,0,1,0
BRDA:19,1,0,0
BRDA:19,1,1,0
BRDA:25,2,0,0
BRDA:25,2,1,0
BRDA:26,3,0,0
BRDA:26,3,1,0
BRDA:38,4,0,0
BRDA:38,4,1,0
BRDA:40,5,0,0
BRDA:40,5,1,0
BRDA:40,6,0,0
BRDA:40,6,1,0
BRDA:41,7,0,0
BRDA:41,7,1,0
BRDA:42,8,0,0
BRDA:42,8,1,0
BRDA:46,9,0,0
BRDA:46,9,1,0
BRDA:46,10,0,0
BRDA:46,10,1,0
BRDA:46,10,2,0
BRDA:49,11,0,0
BRDA:49,11,1,0
BRDA:52,12,0,0
BRDA:52,12,1,0
BRDA:53,13,0,0
BRDA:53,13,1,0
BRDA:62,14,0,0
BRDA:62,14,1,0
BRDA:63,15,0,0
BRDA:63,15,1,0
BRDA:77,16,0,0
BRDA:77,16,1,0
BRDA:77,17,0,0
BRDA:77,17,1,0
BRDA:79,18,0,0
BRDA:79,18,1,0
BRDA:99,19,0,0
BRDA:99,19,1,0
BRDA:122,20,0,0
BRDA:122,20,1,0
BRDA:150,21,0,0
BRDA:150,21,1,0
BRDA:154,22,0,0
BRDA:154,22,1,0
BRDA:160,23,0,0
BRDA:160,23,1,0
BRDA:173,24,0,0
BRDA:173,24,1,0
BRDA:173,25,0,0
BRDA:173,25,1,0
BRDA:180,26,0,0
BRDA:180,26,1,0
BRDA:181,27,0,0
BRDA:181,27,1,0
BRDA:181,28,0,0
BRDA:181,28,1,0
BRDA:182,29,0,0
BRDA:182,29,1,0
BRDA:186,30,0,0
BRDA:186,30,1,0
BRDA:188,31,0,0
BRDA:188,31,1,0
BRDA:202,32,0,0
BRDA:202,32,1,0
BRDA:223,33,0,0
BRDA:223,33,1,0
BRDA:242,34,0,0
BRDA:242,35,0,0
BRDA:244,36,0,0
BRDA:244,36,1,0
BRDA:281,37,0,0
BRDA:281,37,1,0
BRDA:296,38,0,0
BRDA:296,38,1,0
BRDA:302,39,0,0
BRDA:302,39,1,0
BRDA:321,40,0,0
BRDA:321,40,1,0
BRDA:335,41,0,0
BRDA:335,41,1,0
BRDA:342,42,0,0
BRDA:342,42,1,0
BRDA:343,43,0,0
BRDA:343,43,1,0
BRDA:344,44,0,0
BRDA:344,44,1,0
BRDA:347,45,0,0
BRDA:347,45,1,0
BRDA:348,46,0,0
BRDA:348,46,1,0
BRDA:349,47,0,0
BRDA:349,47,1,0
BRDA:350,48,0,0
BRDA:350,48,1,0
BRDA:351,49,0,0
BRDA:351,49,1,0
BRDA:352,50,0,0
BRDA:352,50,1,0
BRDA:353,51,0,0
BRDA:353,51,1,0
BRDA:354,52,0,0
BRDA:354,52,1,0
BRDA:357,53,0,0
BRDA:357,53,1,0
BRDA:357,54,0,0
BRDA:357,54,1,0
BRDA:362,55,0,0
BRDA:362,55,1,0
BRDA:366,56,0,0
BRDA:366,56,1,0
BRDA:367,57,0,0
BRDA:367,57,1,0
BRDA:367,58,0,0
BRDA:367,58,1,0
BRDA:368,59,0,0
BRDA:368,59,1,0
BRDA:374,60,0,0
BRDA:374,60,1,0
BRDA:378,61,0,0
BRDA:378,61,1,0
BRDA:384,62,0,0
BRDA:384,62,1,0
BRDA:392,63,0,0
BRDA:392,63,1,0
BRDA:394,64,0,0
BRDA:394,64,1,0
BRDA:403,65,0,0
BRDA:403,65,1,0
BRDA:415,66,0,0
BRDA:415,66,1,0
BRDA:420,67,0,0
BRDA:420,67,1,0
BRDA:422,68,0,0
BRDA:422,68,1,0
BRDA:427,69,0,0
BRDA:427,69,1,0
BRDA:435,70,0,0
BRDA:435,70,1,0
BRDA:446,71,0,0
BRDA:446,71,1,0
BRDA:446,72,0,0
BRDA:446,72,1,0
BRDA:452,73,0,0
BRDA:452,73,1,0
BRDA:462,74,0,0
BRDA:462,74,1,0
BRDA:468,75,0,0
BRDA:468,75,1,0
BRDA:481,76,0,0
BRDA:481,76,1,0
BRDA:497,77,0,0
BRDA:497,77,1,0
BRDA:497,78,0,0
BRDA:497,78,1,0
BRDA:503,79,0,0
BRDA:503,79,1,0
BRDA:503,80,0,0
BRDA:503,80,1,0
BRDA:512,81,0,0
BRDA:512,81,1,0
BRDA:514,82,0,0
BRDA:514,82,1,0
BRDA:514,83,0,0
BRDA:514,83,1,0
BRDA:515,84,0,0
BRDA:515,84,1,0
BRDA:516,85,0,0
BRDA:516,85,1,0
BRDA:526,86,0,0
BRDA:526,86,1,0
BRDA:529,87,0,0
BRDA:529,87,1,0
BRDA:531,88,0,0
BRDA:531,88,1,0
BRDA:547,89,0,0
BRDA:547,89,1,0
BRDA:564,90,0,0
BRDA:564,90,1,0
BRDA:564,91,0,0
BRDA:564,91,1,0
BRDA:569,92,0,0
BRDA:569,92,1,0
BRDA:569,93,0,0
BRDA:569,93,1,0
BRDA:578,94,0,0
BRDA:578,94,1,0
BRDA:586,95,0,0
BRDA:586,95,1,0
BRDA:586,96,0,0
BRDA:586,96,1,0
BRDA:591,97,0,0
BRDA:591,97,1,0
BRDA:605,98,0,0
BRDA:605,98,1,0
BRDA:612,99,0,0
BRDA:612,99,1,0
BRDA:627,100,0,0
BRDA:627,100,1,0
BRDA:627,101,0,0
BRDA:627,101,1,0
BRDA:632,102,0,0
BRDA:632,102,1,0
BRDA:632,103,0,0
BRDA:632,103,1,0
BRDA:641,104,0,0
BRDA:641,104,1,0
BRDA:649,105,0,0
BRDA:649,105,1,0
BRDA:653,106,0,0
BRDA:653,106,1,0
BRDA:670,107,0,0
BRDA:670,107,1,0
BRDA:677,108,0,0
BRDA:677,108,1,0
BRDA:692,109,0,0
BRDA:692,109,1,0
BRDA:692,110,0,0
BRDA:692,110,1,0
BRDA:701,111,0,0
BRDA:701,111,1,0
BRDA:709,112,0,0
BRDA:709,112,1,0
BRDA:709,113,0,0
BRDA:709,113,1,0
BRDA:710,114,0,0
BRDA:710,114,1,0
BRDA:714,115,0,0
BRDA:714,115,1,0
BRDA:723,116,0,0
BRDA:723,116,1,0
BRDA:727,117,0,0
BRDA:727,117,1,0
BRDA:729,118,0,0
BRDA:729,118,1,0
BRDA:731,119,0,0
BRDA:731,119,1,0
BRDA:732,120,0,0
BRDA:732,120,1,0
BRDA:732,121,0,0
BRDA:732,121,1,0
BRDA:736,122,0,0
BRDA:736,122,1,0
BRDA:739,123,0,0
BRDA:739,123,1,0
BRDA:744,124,0,0
BRDA:744,124,1,0
BRDA:759,125,0,0
BRDA:759,125,1,0
BRDA:778,126,0,0
BRDA:778,126,1,0
BRDA:778,127,0,0
BRDA:778,127,1,0
BRDA:793,128,0,0
BRDA:793,128,1,0
BRF:257
BRH:1
end_of_record
TN:
SF:src\controllers\chat.controller.ts
FN:7,(anonymous_1)
FN:16,(anonymous_2)
FN:27,(anonymous_3)
FN:52,(anonymous_4)
FN:80,(anonymous_5)
FN:120,(anonymous_6)
FNF:6
FNH:0
FNDA:0,(anonymous_1)
FNDA:0,(anonymous_2)
FNDA:0,(anonymous_3)
FNDA:0,(anonymous_4)
FNDA:0,(anonymous_5)
FNDA:0,(anonymous_6)
DA:2,2
DA:4,2
DA:7,2
DA:8,0
DA:9,0
DA:12,0
DA:13,0
DA:16,2
DA:17,0
DA:18,0
DA:21,0
DA:23,0
DA:27,2
DA:28,0
DA:29,0
DA:30,0
DA:31,0
DA:32,0
DA:35,0
DA:45,0
DA:47,0
DA:48,0
DA:52,2
DA:53,0
DA:54,0
DA:56,0
DA:57,0
DA:58,0
DA:61,0
DA:67,0
DA:71,0
DA:73,0
DA:75,0
DA:76,0
DA:80,2
DA:81,0
DA:82,0
DA:83,0
DA:85,0
DA:87,0
DA:88,0
DA:89,0
DA:93,0
DA:94,0
DA:95,0
DA:98,0
DA:99,0
DA:100,0
DA:103,0
DA:104,0
DA:105,0
DA:107,0
DA:111,0
DA:113,0
DA:115,0
DA:116,0
DA:120,2
DA:121,0
DA:122,0
DA:123,0
DA:125,0
DA:126,0
DA:127,0
DA:131,0
DA:132,0
DA:133,0
DA:136,0
DA:137,0
DA:139,0
DA:142,0
DA:144,0
DA:146,0
DA:147,0
LF:73
LH:8
BRDA:9,0,0,0
BRDA:9,0,1,0
BRDA:30,1,0,0
BRDA:30,1,1,0
BRDA:56,2,0,0
BRDA:56,2,1,0
BRDA:56,3,0,0
BRDA:56,3,1,0
BRDA:56,3,2,0
BRDA:87,4,0,0
BRDA:87,4,1,0
BRDA:93,5,0,0
BRDA:93,5,1,0
BRDA:98,6,0,0
BRDA:98,6,1,0
BRDA:98,7,0,0
BRDA:98,7,1,0
BRDA:125,8,0,0
BRDA:125,8,1,0
BRDA:131,9,0,0
BRDA:131,9,1,0
BRDA:131,10,0,0
BRDA:131,10,1,0
BRF:23
BRH:0
end_of_record
TN:
SF:src\controllers\dashboard.controller.ts
FN:7,(anonymous_1)
FN:90,(anonymous_2)
FN:135,(anonymous_3)
FN:145,(anonymous_4)
FN:146,(anonymous_5)
FN:154,(anonymous_6)
FN:167,(anonymous_7)
FN:178,(anonymous_8)
FNF:8
FNH:0
FNDA:0,(anonymous_1)
FNDA:0,(anonymous_2)
FNDA:0,(anonymous_3)
FNDA:0,(anonymous_4)
FNDA:0,(anonymous_5)
FNDA:0,(anonymous_6)
FNDA:0,(anonymous_7)
FNDA:0,(anonymous_8)
DA:2,2
DA:3,2
DA:4,2
DA:7,2
DA:8,0
DA:9,0
DA:10,0
DA:11,0
DA:12,0
DA:13,0
DA:15,0
DA:16,0
DA:17,0
DA:19,0
DA:20,0
DA:21,0
DA:25,0
DA:26,0
DA:27,0
DA:28,0
DA:29,0
DA:32,0
DA:37,0
DA:43,0
DA:54,0
DA:65,0
DA:67,0
DA:85,0
DA:86,0
DA:90,2
DA:91,0
DA:92,0
DA:93,0
DA:94,0
DA:96,0
DA:97,0
DA:98,0
DA:99,0
DA:100,0
DA:102,0
DA:104,0
DA:105,0
DA:107,0
DA:108,0
DA:110,0
DA:111,0
DA:113,0
DA:117,0
DA:132,0
DA:133,0
DA:135,0
DA:136,0
DA:137,0
DA:138,0
DA:140,0
DA:141,0
DA:142,0
DA:145,0
DA:146,0
DA:148,0
DA:150,0
DA:154,2
DA:155,0
DA:156,0
DA:165,0
DA:167,0
DA:168,0
DA:169,0
DA:170,0
DA:172,0
DA:173,0
DA:174,0
DA:177,0
DA:178,0
DA:180,0
DA:182,0
LF:76
LH:6
BRDA:15,0,0,0
BRDA:15,0,1,0
BRDA:15,1,0,0
BRDA:15,1,1,0
BRDA:19,2,0,0
BRDA:19,2,1,0
BRDA:19,3,0,0
BRDA:19,3,1,0
BRDA:74,4,0,0
BRDA:74,4,1,0
BRDA:79,5,0,0
BRDA:79,5,1,0
BRDA:80,6,0,0
BRDA:80,6,1,0
BRDA:92,7,0,0
BRDA:96,8,0,0
BRDA:96,8,1,0
BRDA:96,9,0,0
BRDA:96,9,1,0
BRDA:96,9,2,0
BRDA:96,9,3,0
BRDA:102,10,0,0
BRDA:102,10,1,0
BRDA:102,10,2,0
BRDA:102,10,3,0
BRDA:137,11,0,0
BRDA:137,11,1,0
BRDA:141,12,0,0
BRDA:141,12,1,0
BRDA:169,13,0,0
BRDA:169,13,1,0
BRDA:174,14,0,0
BRDA:174,14,1,0
BRF:33
BRH:0
end_of_record
TN:
SF:src\controllers\report.controller.ts
FN:7,(anonymous_1)
FN:33,(anonymous_2)
FN:34,(anonymous_3)
FN:34,(anonymous_4)
FN:35,(anonymous_5)
FN:35,(anonymous_6)
FN:36,(anonymous_7)
FN:36,(anonymous_8)
FN:37,(anonymous_9)
FN:37,(anonymous_10)
FN:39,(anonymous_11)
FN:48,(anonymous_12)
FN:57,(anonymous_13)
FN:91,(anonymous_14)
FN:108,(anonymous_15)
FN:134,(anonymous_16)
FN:171,(anonymous_17)
FN:214,(anonymous_18)
FNF:18
FNH:0
FNDA:0,(anonymous_1)
FNDA:0,(anonymous_2)
FNDA:0,(anonymous_3)
FNDA:0,(anonymous_4)
FNDA:0,(anonymous_5)
FNDA:0,(anonymous_6)
FNDA:0,(anonymous_7)
FNDA:0,(anonymous_8)
FNDA:0,(anonymous_9)
FNDA:0,(anonymous_10)
FNDA:0,(anonymous_11)
FNDA:0,(anonymous_12)
FNDA:0,(anonymous_13)
FNDA:0,(anonymous_14)
FNDA:0,(anonymous_15)
FNDA:0,(anonymous_16)
FNDA:0,(anonymous_17)
FNDA:0,(anonymous_18)
DA:2,2
DA:3,2
DA:4,2
DA:7,2
DA:8,0
DA:9,0
DA:10,0
DA:11,0
DA:13,0
DA:14,0
DA:15,0
DA:16,0
DA:17,0
DA:18,0
DA:21,0
DA:27,0
DA:33,0
DA:34,0
DA:35,0
DA:36,0
DA:37,0
DA:39,0
DA:41,0
DA:46,0
DA:47,0
DA:48,0
DA:49,0
DA:50,0
DA:51,0
DA:54,0
DA:57,2
DA:58,0
DA:59,0
DA:61,0
DA:62,0
DA:63,0
DA:66,0
DA:68,0
DA:76,0
DA:78,0
DA:79,0
DA:80,0
DA:81,0
DA:84,0
DA:86,0
DA:87,0
DA:91,2
DA:92,0
DA:93,0
DA:95,0
DA:96,0
DA:97,0
DA:100,0
DA:101,0
DA:103,0
DA:104,0
DA:108,2
DA:109,0
DA:110,0
DA:111,0
DA:113,0
DA:114,0
DA:115,0
DA:118,0
DA:119,0
DA:122,0
DA:127,0
DA:129,0
DA:130,0
DA:134,2
DA:135,0
DA:136,0
DA:137,0
DA:138,0
DA:141,0
DA:142,0
DA:144,0
DA:145,0
DA:146,0
DA:149,0
DA:150,0
DA:151,0
DA:153,0
DA:158,0
DA:159,0
DA:160,0
DA:161,0
DA:164,0
DA:166,0
DA:167,0
DA:171,2
DA:172,0
DA:173,0
DA:174,0
DA:176,0
DA:177,0
DA:178,0
DA:179,0
DA:182,0
DA:183,0
DA:184,0
DA:187,0
DA:188,0
DA:189,0
DA:192,0
DA:193,0
DA:195,0
DA:196,0
DA:197,0
DA:200,0
DA:202,0
DA:204,0
DA:205,0
DA:207,0
DA:209,0
DA:210,0
DA:214,2
DA:215,0
DA:216,0
DA:217,0
DA:219,0
DA:220,0
DA:221,0
DA:224,0
DA:225,0
DA:226,0
DA:227,0
DA:229,0
DA:230,0
DA:231,0
DA:235,0
DA:237,0
DA:238,0
DA:239,0
DA:240,0
DA:243,0
DA:245,0
DA:246,0
LF:138
LH:10
BRDA:13,0,0,0
BRDA:13,0,1,0
BRDA:15,1,0,0
BRDA:15,1,1,0
BRDA:17,2,0,0
BRDA:17,2,1,0
BRDA:50,3,0,0
BRDA:50,3,1,0
BRDA:51,4,0,0
BRDA:51,4,1,0
BRDA:61,5,0,0
BRDA:61,5,1,0
BRDA:61,6,0,0
BRDA:61,6,1,0
BRDA:79,7,0,0
BRDA:79,7,1,0
BRDA:95,8,0,0
BRDA:95,8,1,0
BRDA:113,9,0,0
BRDA:113,9,1,0
BRDA:114,10,0,0
BRDA:114,10,1,0
BRDA:115,11,0,0
BRDA:115,11,1,0
BRDA:118,12,0,0
BRDA:118,12,1,0
BRDA:136,13,0,0
BRDA:136,13,1,0
BRDA:144,14,0,0
BRDA:144,14,1,0
BRDA:159,15,0,0
BRDA:159,15,1,0
BRDA:177,16,0,0
BRDA:177,16,1,0
BRDA:182,17,0,0
BRDA:182,17,1,0
BRDA:182,18,0,0
BRDA:182,18,1,0
BRDA:187,19,0,0
BRDA:187,19,1,0
BRDA:187,20,0,0
BRDA:187,20,1,0
BRDA:192,21,0,0
BRDA:192,21,1,0
BRDA:193,22,0,0
BRDA:193,22,1,0
BRDA:195,23,0,0
BRDA:195,23,1,0
BRDA:205,24,0,0
BRDA:205,24,1,0
BRDA:219,25,0,0
BRDA:219,25,1,0
BRDA:224,26,0,0
BRDA:224,26,1,0
BRDA:225,27,0,0
BRDA:225,27,1,0
BRDA:229,28,0,0
BRDA:229,28,1,0
BRDA:238,29,0,0
BRDA:238,29,1,0
BRF:60
BRH:0
end_of_record
TN:
SF:src\controllers\room.controller.ts
FN:6,(anonymous_10)
FN:26,(anonymous_11)
FN:53,(anonymous_12)
FN:91,(anonymous_13)
FN:143,(anonymous_14)
FN:167,(anonymous_15)
FN:199,(anonymous_16)
FNF:7
FNH:2
FNDA:0,(anonymous_10)
FNDA:0,(anonymous_11)
FNDA:2,(anonymous_12)
FNDA:0,(anonymous_13)
FNDA:0,(anonymous_14)
FNDA:0,(anonymous_15)
FNDA:1,(anonymous_16)
DA:2,2
DA:4,2
DA:6,2
DA:7,0
DA:8,0
DA:9,0
DA:11,0
DA:12,0
DA:13,0
DA:15,0
DA:19,0
DA:21,0
DA:22,0
DA:26,2
DA:27,0
DA:28,0
DA:35,0
DA:36,0
DA:37,0
DA:41,0
DA:42,0
DA:43,0
DA:44,0
DA:47,0
DA:49,0
DA:53,2
DA:54,2
DA:55,2
DA:57,2
DA:58,2
DA:59,1
DA:60,1
DA:63,1
DA:75,1
DA:76,1
DA:80,1
DA:81,1
DA:83,1
DA:85,0
DA:86,0
DA:91,2
DA:92,0
DA:93,0
DA:95,0
DA:96,0
DA:97,0
DA:98,0
DA:101,0
DA:102,0
DA:103,0
DA:104,0
DA:105,0
DA:109,0
DA:111,0
DA:112,0
DA:113,0
DA:116,0
DA:128,0
DA:130,0
DA:131,0
DA:134,0
DA:135,0
DA:137,0
DA:139,0
DA:143,2
DA:144,0
DA:145,0
DA:146,0
DA:148,0
DA:149,0
DA:150,0
DA:153,0
DA:154,0
DA:155,0
DA:156,0
DA:159,0
DA:160,0
DA:163,0
DA:164,0
DA:167,0
DA:168,0
DA:174,0
DA:176,0
DA:177,0
DA:186,0
DA:187,0
DA:188,0
DA:189,0
DA:192,0
DA:194,0
DA:199,2
DA:200,1
DA:201,1
DA:202,1
DA:203,0
DA:204,0
DA:207,1
DA:208,1
DA:209,1
DA:212,0
DA:214,0
DA:215,0
DA:218,0
DA:219,0
DA:221,0
DA:223,0
LF:106
LH:26
BRDA:11,0,0,0
BRDA:11,0,1,0
BRDA:12,1,0,0
BRDA:12,1,1,0
BRDA:13,2,0,0
BRDA:13,2,1,0
BRDA:35,3,0,0
BRDA:35,3,1,0
BRDA:42,4,0,0
BRDA:42,4,1,0
BRDA:58,5,0,1
BRDA:58,5,1,1
BRDA:69,6,0,1
BRDA:69,6,1,1
BRDA:71,7,0,1
BRDA:71,7,1,1
BRDA:72,8,0,1
BRDA:72,8,1,1
BRDA:75,9,0,1
BRDA:75,9,1,0
BRDA:81,10,0,1
BRDA:81,10,1,0
BRDA:96,11,0,0
BRDA:96,11,1,0
BRDA:101,12,0,0
BRDA:101,12,1,0
BRDA:101,13,0,0
BRDA:101,13,1,0
BRDA:103,14,0,0
BRDA:103,14,1,0
BRDA:111,15,0,0
BRDA:111,15,1,0
BRDA:111,16,0,0
BRDA:111,16,1,0
BRDA:117,17,0,0
BRDA:117,17,1,0
BRDA:118,18,0,0
BRDA:118,18,1,0
BRDA:119,19,0,0
BRDA:119,19,1,0
BRDA:120,20,0,0
BRDA:120,20,1,0
BRDA:121,21,0,0
BRDA:121,21,1,0
BRDA:122,22,0,0
BRDA:122,22,1,0
BRDA:123,23,0,0
BRDA:123,23,1,0
BRDA:124,24,0,0
BRDA:124,24,1,0
BRDA:125,25,0,0
BRDA:125,25,1,0
BRDA:130,26,0,0
BRDA:130,26,1,0
BRDA:135,27,0,0
BRDA:135,27,1,0
BRDA:148,28,0,0
BRDA:148,28,1,0
BRDA:154,29,0,0
BRDA:154,29,1,0
BRDA:163,30,0,0
BRDA:163,30,1,0
BRDA:176,31,0,0
BRDA:176,31,1,0
BRDA:187,32,0,0
BRDA:187,32,1,0
BRDA:202,33,0,0
BRDA:202,33,1,1
BRDA:207,34,0,1
BRDA:207,34,1,0
BRDA:214,35,0,0
BRDA:214,35,1,0
BRDA:219,36,0,0
BRDA:219,36,1,0
BRF:74
BRH:12
end_of_record
TN:
SF:src\controllers\staff.controller.ts
FN:7,(anonymous_1)
FN:15,(anonymous_2)
FN:39,(anonymous_3)
FN:89,(anonymous_4)
FN:134,(anonymous_5)
FN:161,(anonymous_6)
FN:179,(anonymous_7)
FNF:7
FNH:0
FNDA:0,(anonymous_1)
FNDA:0,(anonymous_2)
FNDA:0,(anonymous_3)
FNDA:0,(anonymous_4)
FNDA:0,(anonymous_5)
FNDA:0,(anonymous_6)
FNDA:0,(anonymous_7)
DA:2,2
DA:3,2
DA:5,2
DA:7,2
DA:8,0
DA:9,0
DA:14,0
DA:16,0
DA:20,0
DA:25,0
DA:33,0
DA:35,0
DA:39,2
DA:40,0
DA:41,0
DA:43,0
DA:44,0
DA:45,0
DA:48,0
DA:49,0
DA:50,0
DA:51,0
DA:54,0
DA:62,0
DA:70,0
DA:71,0
DA:73,0
DA:85,0
DA:89,2
DA:90,0
DA:91,0
DA:93,0
DA:94,0
DA:95,0
DA:96,0
DA:100,0
DA:101,0
DA:102,0
DA:103,0
DA:104,0
DA:106,0
DA:109,0
DA:110,0
DA:111,0
DA:112,0
DA:114,0
DA:116,0
DA:124,0
DA:125,0
DA:127,0
DA:129,0
DA:134,2
DA:135,0
DA:136,0
DA:137,0
DA:138,0
DA:139,0
DA:142,0
DA:144,0
DA:152,0
DA:153,0
DA:155,0
DA:157,0
DA:161,2
DA:162,0
DA:163,0
DA:164,0
DA:166,0
DA:171,0
DA:173,0
DA:175,0
DA:179,2
DA:180,0
DA:181,0
DA:182,0
DA:183,0
DA:185,0
DA:186,0
DA:192,0
DA:194,0
DA:196,0
LF:81
LH:9
BRDA:27,0,0,0
BRDA:27,0,1,0
BRDA:43,1,0,0
BRDA:43,1,1,0
BRDA:43,2,0,0
BRDA:43,2,1,0
BRDA:43,2,2,0
BRDA:49,3,0,0
BRDA:49,3,1,0
BRDA:71,4,0,0
BRDA:71,4,1,0
BRDA:94,5,0,0
BRDA:94,5,1,0
BRDA:94,6,0,0
BRDA:94,6,1,0
BRDA:100,7,0,0
BRDA:100,7,1,0
BRDA:100,8,0,0
BRDA:100,8,1,0
BRDA:102,9,0,0
BRDA:102,9,1,0
BRDA:109,10,0,0
BRDA:109,10,1,0
BRDA:110,11,0,0
BRDA:110,11,1,0
BRDA:111,12,0,0
BRDA:111,12,1,0
BRDA:112,13,0,0
BRDA:112,13,1,0
BRDA:112,14,0,0
BRDA:112,14,1,0
BRDA:125,15,0,0
BRDA:125,15,1,0
BRDA:137,16,0,0
BRDA:137,16,1,0
BRDA:137,17,0,0
BRDA:137,17,1,0
BRDA:153,18,0,0
BRDA:153,18,1,0
BRDA:163,19,0,0
BRDA:163,20,0,0
BRDA:181,21,0,0
BRDA:181,22,0,0
BRDA:183,23,0,0
BRDA:183,23,1,0
BRF:45
BRH:0
end_of_record
TN:
SF:src\controllers\transaction.controller.ts
FN:6,(anonymous_1)
FN:40,(anonymous_2)
FN:79,(anonymous_3)
FN:105,(anonymous_4)
FN:106,(anonymous_5)
FN:132,(anonymous_6)
FN:162,(anonymous_7)
FNF:7
FNH:0
FNDA:0,(anonymous_1)
FNDA:0,(anonymous_2)
FNDA:0,(anonymous_3)
FNDA:0,(anonymous_4)
FNDA:0,(anonymous_5)
FNDA:0,(anonymous_6)
FNDA:0,(anonymous_7)
DA:2,2
DA:4,2
DA:6,2
DA:7,0
DA:8,0
DA:9,0
DA:11,0
DA:12,0
DA:14,0
DA:15,0
DA:16,0
DA:17,0
DA:18,0
DA:19,0
DA:20,0
DA:24,0
DA:25,0
DA:32,0
DA:34,0
DA:36,0
DA:40,2
DA:41,0
DA:42,0
DA:44,0
DA:45,0
DA:46,0
DA:49,0
DA:59,0
DA:67,0
DA:68,0
DA:69,0
DA:70,0
DA:73,0
DA:75,0
DA:79,2
DA:80,0
DA:81,0
DA:83,0
DA:84,0
DA:85,0
DA:86,0
DA:87,0
DA:88,0
DA:91,0
DA:92,0
DA:94,0
DA:105,0
DA:106,0
DA:109,0
DA:121,0
DA:128,0
DA:132,2
DA:133,0
DA:134,0
DA:135,0
DA:136,0
DA:137,0
DA:140,0
DA:142,0
DA:150,0
DA:151,0
DA:152,0
DA:153,0
DA:156,0
DA:158,0
DA:162,2
DA:163,0
DA:164,0
DA:165,0
DA:167,0
DA:168,0
DA:169,0
DA:170,0
DA:173,0
DA:174,0
DA:175,0
DA:176,0
DA:177,0
DA:178,0
DA:180,0
DA:182,0
DA:190,0
DA:191,0
DA:192,0
DA:193,0
DA:196,0
DA:198,0
LF:87
LH:7
BRDA:8,0,0,0
BRDA:8,1,0,0
BRDA:11,2,0,0
BRDA:11,2,1,0
BRDA:12,3,0,0
BRDA:12,3,1,0
BRDA:14,4,0,0
BRDA:14,4,1,0
BRDA:14,5,0,0
BRDA:14,5,1,0
BRDA:16,6,0,0
BRDA:16,6,1,0
BRDA:17,7,0,0
BRDA:17,7,1,0
BRDA:44,8,0,0
BRDA:44,8,1,0
BRDA:44,9,0,0
BRDA:44,9,1,0
BRDA:44,9,2,0
BRDA:44,9,3,0
BRDA:56,10,0,0
BRDA:56,10,1,0
BRDA:62,11,0,0
BRDA:62,11,1,0
BRDA:68,12,0,0
BRDA:68,12,1,0
BRDA:84,13,0,0
BRDA:84,13,1,0
BRDA:85,14,0,0
BRDA:85,14,1,0
BRDA:92,15,0,0
BRDA:92,15,1,0
BRDA:105,16,0,0
BRDA:105,16,1,0
BRDA:106,17,0,0
BRDA:106,17,1,0
BRDA:135,18,0,0
BRDA:135,18,1,0
BRDA:151,19,0,0
BRDA:151,19,1,0
BRDA:168,20,0,0
BRDA:168,20,1,0
BRDA:173,21,0,0
BRDA:173,21,1,0
BRDA:174,22,0,0
BRDA:174,22,1,0
BRDA:175,23,0,0
BRDA:175,23,1,0
BRDA:176,24,0,0
BRDA:176,24,1,0
BRDA:177,25,0,0
BRDA:177,25,1,0
BRDA:178,26,0,0
BRDA:178,26,1,0
BRDA:191,27,0,0
BRDA:191,27,1,0
BRF:56
BRH:0
end_of_record
TN:
SF:src\controllers\upload.controller.ts
FN:5,(anonymous_0)
FN:21,(anonymous_1)
FNF:2
FNH:0
FNDA:0,(anonymous_0)
FNDA:0,(anonymous_1)
DA:3,2
DA:5,2
DA:6,0
DA:7,0
DA:8,0
DA:9,0
DA:12,0
DA:14,0
DA:16,0
DA:17,0
DA:21,2
DA:22,0
DA:23,0
DA:25,0
DA:26,0
DA:27,0
DA:30,0
DA:32,0
DA:34,0
DA:35,0
LF:20
LH:3
BRDA:7,0,0,0
BRDA:7,0,1,0
BRDA:25,1,0,0
BRDA:25,1,1,0
BRF:4
BRH:0
end_of_record
TN:
SF:src\middleware\auth.middleware.ts
FN:9,(anonymous_1)
FN:33,(anonymous_2)
FN:34,(anonymous_3)
FNF:3
FNH:3
FNDA:6,(anonymous_1)
FNDA:18,(anonymous_2)
FNDA:3,(anonymous_3)
DA:2,2
DA:3,2
DA:9,2
DA:10,6
DA:11,6
DA:12,6
DA:13,0
DA:14,0
DA:17,6
DA:18,6
DA:20,6
DA:21,6
DA:22,1
DA:23,1
DA:26,5
DA:27,5
DA:29,0
DA:33,2
DA:34,18
DA:35,3
DA:36,0
DA:37,0
DA:39,3
DA:40,0
DA:41,0
DA:43,3
LF:26
LH:19
BRDA:12,0,0,0
BRDA:12,0,1,6
BRDA:12,1,0,6
BRDA:12,1,1,6
BRDA:18,2,0,6
BRDA:18,2,1,0
BRDA:21,3,0,1
BRDA:21,3,1,5
BRDA:21,4,0,6
BRDA:21,4,1,5
BRDA:35,5,0,0
BRDA:35,5,1,3
BRDA:39,6,0,0
BRDA:39,6,1,3
BRF:14
BRH:10
end_of_record
TN:
SF:src\middleware\upload.middleware.ts
FN:11,(anonymous_1)
FN:14,(anonymous_2)
FN:20,(anonymous_3)
FNF:3
FNH:0
FNDA:0,(anonymous_1)
FNDA:0,(anonymous_2)
FNDA:0,(anonymous_3)
DA:1,2
DA:2,2
DA:3,2
DA:5,2
DA:6,2
DA:7,0
DA:10,2
DA:12,0
DA:15,0
DA:16,0
DA:20,2
DA:21,0
DA:22,0
DA:23,0
DA:25,0
DA:26,0
DA:28,0
DA:32,2
LF:18
LH:8
BRDA:6,0,0,0
BRDA:6,0,1,2
BRDA:25,1,0,0
BRDA:25,1,1,0
BRDA:25,2,0,0
BRDA:25,2,1,0
BRF:6
BRH:1
end_of_record
TN:
SF:src\models\ActivityLog.ts
FNF:0
FNH:0
DA:1,2
DA:13,2
DA:26,2
DA:27,2
DA:28,2
DA:30,2
LF:6
LH:6
BRF:0
BRH:0
end_of_record
TN:
SF:src\models\Booking.ts
FNF:0
FNH:0
DA:1,2
DA:65,2
DA:72,2
DA:82,2
DA:137,2
DA:138,2
DA:139,2
DA:140,2
DA:142,2
LF:9
LH:9
BRF:0
BRH:0
end_of_record
TN:
SF:src\models\Message.ts
FNF:0
FNH:0
DA:1,2
DA:12,2
DA:22,2
LF:3
LH:3
BRF:0
BRH:0
end_of_record
TN:
SF:src\models\Report.ts
FNF:0
FNH:0
DA:1,2
DA:23,2
DA:44,2
LF:3
LH:3
BRF:0
BRH:0
end_of_record
TN:
SF:src\models\Room.ts
FNF:0
FNH:0
DA:1,2
DA:19,2
DA:43,2
DA:44,2
DA:45,2
DA:47,2
LF:6
LH:6
BRF:0
BRH:0
end_of_record
TN:
SF:src\models\Transaction.ts
FNF:0
FNH:0
DA:1,2
DA:17,2
DA:31,2
DA:32,2
DA:33,2
DA:35,2
LF:6
LH:6
BRF:0
BRH:0
end_of_record
TN:
SF:src\models\User.ts
FN:29,(anonymous_10)
FN:36,(anonymous_11)
FN:41,(anonymous_12)
FNF:3
FNH:1
FNDA:6,(anonymous_10)
FNDA:0,(anonymous_11)
FNDA:0,(anonymous_12)
DA:1,2
DA:2,2
DA:17,2
DA:29,2
DA:30,6
DA:31,6
DA:32,6
DA:33,6
DA:36,2
DA:37,0
DA:40,2
DA:42,0
DA:43,0
DA:47,2
LF:14
LH:11
BRDA:30,0,0,0
BRDA:30,0,1,6
BRF:2
BRH:1
end_of_record
TN:
SF:src\routes\auth.routes.ts
FNF:0
FNH:0
DA:1,2
DA:2,2
DA:3,2
DA:5,2
DA:7,2
DA:8,2
DA:9,2
DA:10,2
DA:12,2
LF:9
LH:9
BRF:0
BRH:0
end_of_record
TN:
SF:src\routes\booking.routes.ts
FNF:0
FNH:0
DA:1,2
DA:2,2
DA:3,2
DA:5,2
DA:7,2
DA:9,2
DA:10,2
DA:11,2
DA:12,2
DA:13,2
DA:14,2
DA:15,2
DA:16,2
DA:17,2
DA:18,2
DA:19,2
DA:20,2
DA:21,2
DA:22,2
DA:24,2
LF:20
LH:20
BRF:0
BRH:0
end_of_record
TN:
SF:src\routes\chat.routes.ts
FNF:0
FNH:0
DA:1,2
DA:2,2
DA:3,2
DA:5,2
DA:7,2
DA:9,2
DA:10,2
DA:11,2
DA:12,2
DA:13,2
DA:15,2
LF:11
LH:11
BRF:0
BRH:0
end_of_record
TN:
SF:src\routes\dashboard.routes.ts
FNF:0
FNH:0
DA:1,2
DA:2,2
DA:3,2
DA:5,2
DA:7,2
DA:9,2
DA:10,2
DA:11,2
DA:13,2
LF:9
LH:9
BRF:0
BRH:0
end_of_record
TN:
SF:src\routes\report.routes.ts
FNF:0
FNH:0
DA:1,2
DA:2,2
DA:3,2
DA:5,2
DA:7,2
DA:10,2
DA:14,2
DA:17,2
DA:21,2
LF:9
LH:9
BRF:0
BRH:0
end_of_record
TN:
SF:src\routes\room.routes.ts
FNF:0
FNH:0
DA:1,2
DA:2,2
DA:3,2
DA:5,2
DA:7,2
DA:9,2
DA:10,2
DA:11,2
DA:12,2
DA:13,2
DA:14,2
DA:16,2
LF:12
LH:12
BRF:0
BRH:0
end_of_record
TN:
SF:src\routes\staff.routes.ts
FNF:0
FNH:0
DA:1,2
DA:2,2
DA:3,2
DA:5,2
DA:7,2
DA:8,2
DA:10,2
DA:11,2
DA:12,2
DA:13,2
DA:14,2
DA:15,2
DA:17,2
LF:13
LH:13
BRF:0
BRH:0
end_of_record
TN:
SF:src\routes\transaction.routes.ts
FNF:0
FNH:0
DA:1,2
DA:2,2
DA:3,2
DA:5,2
DA:7,2
DA:8,2
DA:10,2
DA:11,2
DA:12,2
DA:13,2
DA:14,2
DA:16,2
LF:12
LH:12
BRF:0
BRH:0
end_of_record
TN:
SF:src\routes\upload.routes.ts
FNF:0
FNH:0
DA:1,2
DA:2,2
DA:3,2
DA:4,2
DA:6,2
DA:8,2
DA:10,2
DA:11,2
DA:13,2
LF:9
LH:9
BRF:0
BRH:0
end_of_record
TN:
SF:src\services\cloudinary.service.ts
FN:14,(anonymous_1)
FN:37,(anonymous_2)
FNF:2
FNH:0
FNDA:0,(anonymous_1)
FNDA:0,(anonymous_2)
DA:1,2
DA:2,2
DA:3,2
DA:6,2
DA:7,0
DA:14,2
DA:16,0
DA:17,0
DA:18,0
DA:24,0
DA:25,0
DA:27,0
DA:28,0
DA:33,0
DA:34,0
DA:37,2
DA:38,0
DA:39,0
DA:40,0
DA:45,0
DA:47,0
DA:48,0
DA:53,0
DA:54,0
DA:56,0
DA:57,0
DA:59,0
DA:60,0
DA:62,0
LF:29
LH:6
BRDA:6,0,0,0
BRDA:6,0,1,2
BRDA:14,1,0,0
BRDA:16,2,0,0
BRDA:16,2,1,0
BRDA:37,3,0,0
BRDA:38,4,0,0
BRDA:38,4,1,0
BRDA:54,5,0,0
BRDA:54,5,1,0
BRF:10
BRH:1
end_of_record
TN:
SF:src\services\overtime.service.ts
FN:16,(anonymous_0)
FNF:1
FNH:0
FNDA:0,(anonymous_0)
DA:16,2
DA:21,0
DA:22,0
DA:24,0
DA:26,0
DA:27,0
DA:30,0
DA:33,0
DA:35,0
DA:38,0
DA:41,0
LF:11
LH:1
BRDA:26,0,0,0
BRDA:26,0,1,0
BRDA:33,1,0,0
BRDA:33,1,1,0
BRF:4
BRH:0
end_of_record
TN:
SF:src\socket\index.ts
FN:7,(anonymous_1)
FN:9,(anonymous_2)
FN:24,(anonymous_3)
FN:38,(anonymous_4)
FN:43,(anonymous_5)
FNF:5
FNH:1
FNDA:2,(anonymous_1)
FNDA:0,(anonymous_2)
FNDA:0,(anonymous_3)
FNDA:0,(anonymous_4)
FNDA:0,(anonymous_5)
DA:2,2
DA:5,2
DA:7,2
DA:9,2
DA:10,0
DA:11,0
DA:12,0
DA:15,0
DA:16,0
DA:17,0
DA:18,0
DA:20,0
DA:24,2
DA:25,0
DA:26,0
DA:29,0
DA:32,0
DA:33,0
DA:35,0
DA:38,0
DA:39,0
DA:43,0
DA:44,0
DA:45,0
DA:46,0
DA:47,0
DA:48,0
DA:49,0
LF:28
LH:5
BRDA:11,0,0,0
BRDA:11,0,1,0
BRDA:16,1,0,0
BRDA:16,1,1,0
BRDA:32,2,0,0
BRDA:32,2,1,0
BRDA:46,3,0,0
BRDA:46,3,1,0
BRDA:48,4,0,0
BRDA:48,4,1,0
BRF:10
BRH:0
end_of_record
TN:
SF:src\test\setup.ts
FN:3,(anonymous_1)
FN:8,(anonymous_2)
FN:15,(anonymous_3)
FNF:3
FNH:3
FNDA:2,(anonymous_1)
FNDA:2,(anonymous_2)
FNDA:6,(anonymous_3)
DA:1,2
DA:3,2
DA:4,2
DA:5,2
DA:8,2
DA:9,2
DA:10,2
DA:11,2
DA:15,2
DA:16,6
DA:17,6
DA:18,6
DA:19,42
DA:20,42
LF:14
LH:14
BRDA:4,0,0,2
BRDA:4,0,1,2
BRDA:9,1,0,2
BRDA:9,1,1,0
BRDA:16,2,0,6
BRDA:16,2,1,0
BRF:6
BRH:4
end_of_record
TN:
SF:src\utils\helpers.ts
FN:4,(anonymous_1)
FNF:1
FNH:1
FNDA:1,(anonymous_1)
DA:1,2
DA:4,2
DA:11,1
DA:12,1
DA:21,0
LF:5
LH:4
BRDA:17,0,0,1
BRDA:17,0,1,0
BRF:2
BRH:1
end_of_record
